#
# A fatal error has been detected by the Java Runtime Environment:
#
#  SIGSEGV (0xb) at pc=0xa5d98a58, pid=10972, tid=3076437696
#
# JRE version: OpenJDK Runtime Environment (7.0_51) (build 1.7.0_51-b00)
# Java VM: OpenJDK Client VM (24.45-b08 mixed mode, sharing linux-x86 )
# Problematic frame:
# C  [libwebkitgtk-1.0.so.0+0x1bda58]  webkitWebViewRegisterForIconNotification+0xc8
#
# Failed to write core dump. Core dumps have been disabled. To enable core dumping, try "ulimit -c unlimited" before starting Java again
#
# If you would like to submit a bug report, please include
# instructions on how to reproduce the bug and visit:
#   http://icedtea.classpath.org/bugzilla
# The crash happened outside the Java Virtual Machine in native code.
# See problematic frame for where to report the bug.
#

---------------  T H R E A D  ---------------

Current thread (0x088ea000):  JavaThread "main" [_thread_in_native, id=10972, stack(0xbff6e000,0xbffbe000)]

siginfo:si_signo=SIGSEGV: si_errno=0, si_code=1 (SEGV_MAPERR), si_addr=0x00000046

Registers:
EAX=0x00000002, EBX=0xa73ef000, ECX=0x00000003, EDX=0x09d57208
ESP=0xbffba1ac, EBP=0x09ce8640, ESI=0x09d57208, EDI=0x00000005
EIP=0xa5d98a58, EFLAGS=0x00010202, CR2=0x00000046

Top of Stack: (sp=0xbffba1ac)
0xbffba1ac:   a5d6c7ca 00000002 b72cf710 00000000
0xbffba1bc:   b730ca4f a73ef000 088dfa30 00000005
0xbffba1cc:   a5d6c85b 09d57208 09501898 a7403e60
0xbffba1dc:   b7381000 b7381000 088dfa30 b7381000
0xbffba1ec:   b72ca107 09d57208 00000023 4c9b7eb9
0xbffba1fc:   b7381000 b7381000 b7381000 088dfa30
0xbffba20c:   b72c93b3 09ce8640 a5d6c840 09d57208
0xbffba21c:   bffba250 0889b168 09d828f0 0889b168 

Instructions: (pc=0xa5d98a58)
0xa5d98a38:   44 24 04 89 3c 24 e8 fd 2d fb ff 89 85 fc 00 00
0xa5d98a48:   00 eb 91 90 8d 74 26 00 8b 44 24 04 85 c0 74 10
0xa5d98a58:   8b 40 44 85 c0 74 09 8b 00 c3 8d b6 00 00 00 00
0xa5d98a68:   31 c0 c3 90 8d 74 26 00 56 53 e8 a9 aa fb ff 81 

Register to memory mapping:

EAX=0x00000002 is an unknown value
EBX=0xa73ef000: <offset 0x1814000> in /usr/lib/libwebkitgtk-1.0.so.0 at 0xa5bdb000
ECX=0x00000003 is an unknown value
EDX=0x09d57208 is an unknown value
ESP=0xbffba1ac is pointing into the stack for thread: 0x088ea000
EBP=0x09ce8640 is an unknown value
ESI=0x09d57208 is an unknown value
EDI=0x00000005 is an unknown value


Stack: [0xbff6e000,0xbffbe000],  sp=0xbffba1ac,  free space=304k
Native frames: (J=compiled Java code, j=interpreted, Vv=VM code, C=native code)
C  [libwebkitgtk-1.0.so.0+0x1bda58]  webkitWebViewRegisterForIconNotification+0xc8

Java frames: (J=compiled Java code, j=interpreted, Vv=VM code)
J  org.eclipse.swt.internal.gtk.OS._g_main_context_iteration(IZ)Z
J  org.eclipse.swt.internal.gtk.OS.g_main_context_iteration(IZ)Z
J  org.eclipse.swt.widgets.Display.readAndDispatch()Z
j  org.eclipse.jface.internal.text.html.BrowserInformationControl.setVisible(Z)V+52
j  org.eclipse.jface.text.AbstractInformationControlManager.showInformationControl(Lorg/eclipse/swt/graphics/Rectangle;)V+5
j  org.eclipse.jface.text.TextViewerHoverManager.showInformationControl(Lorg/eclipse/swt/graphics/Rectangle;)V+21
j  org.eclipse.jface.text.AbstractInformationControlManager.internalShowInformationControl(Lorg/eclipse/swt/graphics/Rectangle;Ljava/lang/Object;)V+344
j  org.eclipse.jface.text.AbstractInformationControlManager.presentInformation()V+70
j  org.eclipse.jface.text.AbstractHoverInformationControlManager.presentInformation()V+64
j  org.eclipse.jface.text.TextViewerHoverManager.doPresentInformation()V+1
j  org.eclipse.jface.text.TextViewerHoverManager$5.run()V+4
J  org.eclipse.swt.widgets.Synchronizer.runAsyncMessages(Z)Z
J  org.eclipse.swt.widgets.Display.readAndDispatch()Z
j  org.eclipse.ui.internal.Workbench.runEventLoop(Lorg/eclipse/jface/window/Window$IExceptionHandler;Lorg/eclipse/swt/widgets/Display;)V+9
j  org.eclipse.ui.internal.Workbench.runUI()I+555
j  org.eclipse.ui.internal.Workbench.access$4(Lorg/eclipse/ui/internal/Workbench;)I+1
j  org.eclipse.ui.internal.Workbench$7.run()V+73
j  org.eclipse.core.databinding.observable.Realm.runWithDefault(Lorg/eclipse/core/databinding/observable/Realm;Ljava/lang/Runnable;)V+12
j  org.eclipse.ui.internal.Workbench.createAndRunWorkbench(Lorg/eclipse/swt/widgets/Display;Lorg/eclipse/ui/application/WorkbenchAdvisor;)I+18
j  org.eclipse.ui.PlatformUI.createAndRunWorkbench(Lorg/eclipse/swt/widgets/Display;Lorg/eclipse/ui/application/WorkbenchAdvisor;)I+2
j  org.eclipse.ui.internal.ide.application.IDEApplication.start(Lorg/eclipse/equinox/app/IApplicationContext;)Ljava/lang/Object;+108
j  org.eclipse.equinox.internal.app.EclipseAppHandle.run(Ljava/lang/Object;)Ljava/lang/Object;+135
j  org.eclipse.core.runtime.internal.adaptor.EclipseAppLauncher.runApplication(Ljava/lang/Object;)Ljava/lang/Object;+103
j  org.eclipse.core.runtime.internal.adaptor.EclipseAppLauncher.start(Ljava/lang/Object;)Ljava/lang/Object;+29
j  org.eclipse.core.runtime.adaptor.EclipseStarter.run(Ljava/lang/Object;)Ljava/lang/Object;+149
j  org.eclipse.core.runtime.adaptor.EclipseStarter.run([Ljava/lang/String;Ljava/lang/Runnable;)Ljava/lang/Object;+183
v  ~StubRoutines::call_stub
j  sun.reflect.NativeMethodAccessorImpl.invoke0(Ljava/lang/reflect/Method;Ljava/lang/Object;[Ljava/lang/Object;)Ljava/lang/Object;+0
j  sun.reflect.NativeMethodAccessorImpl.invoke(Ljava/lang/Object;[Ljava/lang/Object;)Ljava/lang/Object;+87
j  sun.reflect.DelegatingMethodAccessorImpl.invoke(Ljava/lang/Object;[Ljava/lang/Object;)Ljava/lang/Object;+6
j  java.lang.reflect.Method.invoke(Ljava/lang/Object;[Ljava/lang/Object;)Ljava/lang/Object;+57
j  org.eclipse.equinox.launcher.Main.invokeFramework([Ljava/lang/String;[Ljava/net/URL;)V+211
j  org.eclipse.equinox.launcher.Main.basicRun([Ljava/lang/String;)V+126
j  org.eclipse.equinox.launcher.Main.run([Ljava/lang/String;)I+4
v  ~StubRoutines::call_stub

---------------  P R O C E S S  ---------------

Java Threads: ( => current thread )
  0x09c8cc00 JavaThread "org.eclipse.jdt.internal.ui.text.JavaReconciler" daemon [_thread_blocked, id=11150, stack(0xb07ef000,0xb0840000)]
  0xb1e94800 JavaThread "Worker-13" [_thread_blocked, id=11148, stack(0xb06cd000,0xb071e000)]
  0xb1beb800 JavaThread "Worker-12" [_thread_blocked, id=11117, stack(0xb067c000,0xb06cd000)]
  0x096d2c00 JavaThread "org.eclipse.jdt.internal.ui.text.JavaReconciler" daemon [_thread_blocked, id=11038, stack(0xa770c000,0xa775d000)]
  0x099b5800 JavaThread "org.eclipse.jdt.internal.ui.text.JavaReconciler" daemon [_thread_blocked, id=11034, stack(0xa77ae000,0xa77ff000)]
  0xb1164000 JavaThread "[ThreadPool Manager] - Idle Thread" daemon [_thread_blocked, id=11027, stack(0xb016c000,0xb01bd000)]
  0xb1ea2400 JavaThread "Thread-7" [_thread_blocked, id=11025, stack(0xa812e000,0xa817f000)]
  0x09bf2400 JavaThread "Timer-0" [_thread_blocked, id=11024, stack(0xa817f000,0xa81d0000)]
  0xb1c6b800 JavaThread "Worker-3" [_thread_blocked, id=11013, stack(0xb071e000,0xb076f000)]
  0xb1671800 JavaThread "Bundle File Closer" daemon [_thread_blocked, id=11012, stack(0xb00cb000,0xb011c000)]
  0x0947b000 JavaThread "org.eclipse.jdt.internal.ui.text.JavaReconciler" daemon [_thread_blocked, id=11010, stack(0xb022d000,0xb027e000)]
  0x09111c00 JavaThread "Java indexing" daemon [_thread_blocked, id=11008, stack(0xb04eb000,0xb053c000)]
  0xb141fc00 JavaThread "Worker-JM" [_thread_blocked, id=10999, stack(0xb178f000,0xb17e0000)]
  0xb1c80800 JavaThread "[Timer] - Main Queue Handler" daemon [_thread_blocked, id=10998, stack(0xb17ec000,0xb183d000)]
  0xb1c11400 JavaThread "Framework Event Dispatcher" daemon [_thread_blocked, id=10996, stack(0xb188e000,0xb18df000)]
  0x08a5e400 JavaThread "Start Level Event Dispatcher" daemon [_thread_blocked, id=10995, stack(0xb18df000,0xb1930000)]
  0x08a64000 JavaThread "State Data Manager" daemon [_thread_blocked, id=10994, stack(0xb1930000,0xb1981000)]
  0x08a2b400 JavaThread "Framework Active Thread" [_thread_blocked, id=10993, stack(0xb1981000,0xb19d2000)]
  0x0892d400 JavaThread "Service Thread" daemon [_thread_blocked, id=10990, stack(0xb1d0d000,0xb1d5e000)]
  0x0892b800 JavaThread "C1 CompilerThread0" daemon [_thread_blocked, id=10989, stack(0xb1a7f000,0xb1b00000)]
  0x08929c00 JavaThread "Signal Dispatcher" daemon [_thread_blocked, id=10988, stack(0xb1d5e000,0xb1daf000)]
  0x08915800 JavaThread "Finalizer" daemon [_thread_blocked, id=10987, stack(0xb1daf000,0xb1e00000)]
  0x08914000 JavaThread "Reference Handler" daemon [_thread_blocked, id=10986, stack(0xb1f34000,0xb1f85000)]
=>0x088ea000 JavaThread "main" [_thread_in_native, id=10972, stack(0xbff6e000,0xbffbe000)]

Other Threads:
  0x08912800 VMThread [stack: 0xb1f85000,0xb2006000] [id=10985]
  0x08937c00 WatcherThread [stack: 0xb19fe000,0xb1a7f000] [id=10991]

VM state:not at safepoint (normal execution)

VM Mutex/Monitor currently owned by a thread: None

Heap
 def new generation   total 24768K, used 4272K [0x6a930000, 0x6c400000, 0x72930000)
  eden space 22080K,   7% used [0x6a930000, 0x6aabc368, 0x6bec0000)
  from space 2688K, 100% used [0x6bec0000, 0x6c160000, 0x6c160000)
  to   space 2688K,   0% used [0x6c160000, 0x6c160000, 0x6c400000)
 tenured generation   total 54836K, used 29166K [0x72930000, 0x75ebd000, 0x82930000)
   the space 54836K,  53% used [0x72930000, 0x745ab9c8, 0x745aba00, 0x75ebd000)
 compacting perm gen  total 44032K, used 44028K [0x82930000, 0x85430000, 0x92930000)
   the space 44032K,  99% used [0x82930000, 0x8542f0d0, 0x8542f200, 0x85430000)
    ro space 10240K,  58% used [0x92930000, 0x92f0c810, 0x92f0ca00, 0x93330000)
    rw space 12288K,  59% used [0x93330000, 0x93a4ce58, 0x93a4d000, 0x93f30000)

Card table byte_map: [0xb2305000,0xb2451000] byte_map_base: 0xb1fb0680

Polling page: 0xb77c3000

Code Cache  [0xb24d1000, 0xb2ba9000, 0xb44d1000)
 total_blobs=3410 nmethods=3200 adapters=144 free_code_cache=25843Kb largest_free_block=26406208

Compilation events (10 events):
Event: 335.740 Thread 0x0892b800 3297             java.io.FilterReader::read (8 bytes)
Event: 335.740 Thread 0x0892b800 nmethod 3297 0xb276c008 code [0xb276c110, 0xb276c1ac]
Event: 335.741 Thread 0x0892b800 3298   !         java.io.StringReader::read (52 bytes)
Event: 335.741 Thread 0x0892b800 nmethod 3298 0xb2ba1048 code [0xb2ba11b0, 0xb2ba1558]
Event: 335.742 Thread 0x0892b800 3299             org.eclipse.jface.internal.text.html.HTML2TextReader::computeSubstitution (47 bytes)
Event: 335.742 Thread 0x0892b800 nmethod 3299 0xb2ba1988 code [0xb2ba1aa0, 0xb2ba1bc8]
Event: 335.744 Thread 0x0892b800 3300             org.eclipse.jface.internal.text.html.SubstitutionTextReader::read (104 bytes)
Event: 335.745 Thread 0x0892b800 nmethod 3300 0xb2ba1c48 code [0xb2ba1da0, 0xb2ba20c0]
Event: 335.748 Thread 0x0892b800 3301             org.eclipse.jface.text.TextPresentation::createWindowRelativeRange (108 bytes)
Event: 335.749 Thread 0x0892b800 nmethod 3301 0xb28c6808 code [0xb28c6960, 0xb28c6b4c]

GC Heap History (10 events):
Event: 137.081 GC heap before
{Heap before GC invocations=30 (full 8):
 def new generation   total 24768K, used 841K [0x6a930000, 0x6c410000, 0x72930000)
  eden space 22016K,   3% used [0x6a930000, 0x6aa02628, 0x6beb0000)
  from space 2752K,   0% used [0x6beb0000, 0x6beb0000, 0x6c160000)
  to   space 2752K,   0% used [0x6c160000, 0x6c160000, 0x6c410000)
 tenured generation   total 54836K, used 32901K [0x72930000, 0x75ebd000, 0x82930000)
   the space 54836K,  59% used [0x72930000, 0x749514e8, 0x74951600, 0x75ebd000)
 compacting perm gen  total 42240K, used 42172K [0x82930000, 0x85270000, 0x92930000)
   the space 42240K,  99% used [0x82930000, 0x8525f228, 0x8525f400, 0x85270000)
    ro space 10240K,  58% used [0x92930000, 0x92f0c810, 0x92f0ca00, 0x93330000)
    rw space 12288K,  59% used [0x93330000, 0x93a4ce58, 0x93a4d000, 0x93f30000)
Event: 137.375 GC heap after
Heap after GC invocations=31 (full 9):
 def new generation   total 24768K, used 0K [0x6a930000, 0x6c400000, 0x72930000)
  eden space 22080K,   0% used [0x6a930000, 0x6a930000, 0x6bec0000)
  from space 2688K,   0% used [0x6bec0000, 0x6bec0000, 0x6c160000)
  to   space 2688K,   0% used [0x6c160000, 0x6c160000, 0x6c400000)
 tenured generation   total 54836K, used 28633K [0x72930000, 0x75ebd000, 0x82930000)
   the space 54836K,  52% used [0x72930000, 0x74526588, 0x74526600, 0x75ebd000)
 compacting perm gen  total 42240K, used 42172K [0x82930000, 0x85270000, 0x92930000)
   the space 42240K,  99% used [0x82930000, 0x8525f228, 0x8525f400, 0x85270000)
    ro space 10240K,  58% used [0x92930000, 0x92f0c810, 0x92f0ca00, 0x93330000)
    rw space 12288K,  59% used [0x93330000, 0x93a4ce58, 0x93a4d000, 0x93f30000)
}
Event: 175.371 GC heap before
{Heap before GC invocations=31 (full 9):
 def new generation   total 24768K, used 22080K [0x6a930000, 0x6c400000, 0x72930000)
  eden space 22080K, 100% used [0x6a930000, 0x6bec0000, 0x6bec0000)
  from space 2688K,   0% used [0x6bec0000, 0x6bec0000, 0x6c160000)
  to   space 2688K,   0% used [0x6c160000, 0x6c160000, 0x6c400000)
 tenured generation   total 54836K, used 28633K [0x72930000, 0x75ebd000, 0x82930000)
   the space 54836K,  52% used [0x72930000, 0x74526588, 0x74526600, 0x75ebd000)
 compacting perm gen  total 42496K, used 42421K [0x82930000, 0x852b0000, 0x92930000)
   the space 42496K,  99% used [0x82930000, 0x8529d408, 0x8529d600, 0x852b0000)
    ro space 10240K,  58% used [0x92930000, 0x92f0c810, 0x92f0ca00, 0x93330000)
    rw space 12288K,  59% used [0x93330000, 0x93a4ce58, 0x93a4d000, 0x93f30000)
Event: 175.382 GC heap after
Heap after GC invocations=32 (full 9):
 def new generation   total 24768K, used 1028K [0x6a930000, 0x6c400000, 0x72930000)
  eden space 22080K,   0% used [0x6a930000, 0x6a930000, 0x6bec0000)
  from space 2688K,  38% used [0x6c160000, 0x6c261360, 0x6c400000)
  to   space 2688K,   0% used [0x6bec0000, 0x6bec0000, 0x6c160000)
 tenured generation   total 54836K, used 28633K [0x72930000, 0x75ebd000, 0x82930000)
   the space 54836K,  52% used [0x72930000, 0x74526588, 0x74526600, 0x75ebd000)
 compacting perm gen  total 42496K, used 42421K [0x82930000, 0x852b0000, 0x92930000)
   the space 42496K,  99% used [0x82930000, 0x8529d408, 0x8529d600, 0x852b0000)
    ro space 10240K,  58% used [0x92930000, 0x92f0c810, 0x92f0ca00, 0x93330000)
    rw space 12288K,  59% used [0x93330000, 0x93a4ce58, 0x93a4d000, 0x93f30000)
}
Event: 239.807 GC heap before
{Heap before GC invocations=32 (full 9):
 def new generation   total 24768K, used 19787K [0x6a930000, 0x6c400000, 0x72930000)
  eden space 22080K,  84% used [0x6a930000, 0x6bb819d8, 0x6bec0000)
  from space 2688K,  38% used [0x6c160000, 0x6c261360, 0x6c400000)
  to   space 2688K,   0% used [0x6bec0000, 0x6bec0000, 0x6c160000)
 tenured generation   total 54836K, used 28633K [0x72930000, 0x75ebd000, 0x82930000)
   the space 54836K,  52% used [0x72930000, 0x74526588, 0x74526600, 0x75ebd000)
 compacting perm gen  total 42752K, used 42715K [0x82930000, 0x852f0000, 0x92930000)
   the space 42752K,  99% used [0x82930000, 0x852e6e28, 0x852e7000, 0x852f0000)
    ro space 10240K,  58% used [0x92930000, 0x92f0c810, 0x92f0ca00, 0x93330000)
    rw space 12288K,  59% used [0x93330000, 0x93a4ce58, 0x93a4d000, 0x93f30000)
Event: 240.100 GC heap after
Heap after GC invocations=33 (full 10):
 def new generation   total 24768K, used 0K [0x6a930000, 0x6c400000, 0x72930000)
  eden space 22080K,   0% used [0x6a930000, 0x6a930000, 0x6bec0000)
  from space 2688K,   0% used [0x6c160000, 0x6c160000, 0x6c400000)
  to   space 2688K,   0% used [0x6bec0000, 0x6bec0000, 0x6c160000)
 tenured generation   total 54836K, used 28373K [0x72930000, 0x75ebd000, 0x82930000)
   the space 54836K,  51% used [0x72930000, 0x744e5580, 0x744e5600, 0x75ebd000)
 compacting perm gen  total 42752K, used 42715K [0x82930000, 0x852f0000, 0x92930000)
   the space 42752K,  99% used [0x82930000, 0x852e6e28, 0x852e7000, 0x852f0000)
    ro space 10240K,  58% used [0x92930000, 0x92f0c810, 0x92f0ca00, 0x93330000)
    rw space 12288K,  59% used [0x93330000, 0x93a4ce58, 0x93a4d000, 0x93f30000)
}
Event: 299.808 GC heap before
{Heap before GC invocations=33 (full 10):
 def new generation   total 24768K, used 244K [0x6a930000, 0x6c400000, 0x72930000)
  eden space 22080K,   1% used [0x6a930000, 0x6a96d2d8, 0x6bec0000)
  from space 2688K,   0% used [0x6c160000, 0x6c160000, 0x6c400000)
  to   space 2688K,   0% used [0x6bec0000, 0x6bec0000, 0x6c160000)
 tenured generation   total 54836K, used 28373K [0x72930000, 0x75ebd000, 0x82930000)
   the space 54836K,  51% used [0x72930000, 0x744e5580, 0x744e5600, 0x75ebd000)
 compacting perm gen  total 42752K, used 42715K [0x82930000, 0x852f0000, 0x92930000)
   the space 42752K,  99% used [0x82930000, 0x852e6e28, 0x852e7000, 0x852f0000)
    ro space 10240K,  58% used [0x92930000, 0x92f0c810, 0x92f0ca00, 0x93330000)
    rw space 12288K,  59% used [0x93330000, 0x93a4ce58, 0x93a4d000, 0x93f30000)
Event: 300.097 GC heap after
Heap after GC invocations=34 (full 11):
 def new generation   total 24768K, used 0K [0x6a930000, 0x6c400000, 0x72930000)
  eden space 22080K,   0% used [0x6a930000, 0x6a930000, 0x6bec0000)
  from space 2688K,   0% used [0x6c160000, 0x6c160000, 0x6c400000)
  to   space 2688K,   0% used [0x6bec0000, 0x6bec0000, 0x6c160000)
 tenured generation   total 54836K, used 27784K [0x72930000, 0x75ebd000, 0x82930000)
   the space 54836K,  50% used [0x72930000, 0x74452188, 0x74452200, 0x75ebd000)
 compacting perm gen  total 42752K, used 42715K [0x82930000, 0x852f0000, 0x92930000)
   the space 42752K,  99% used [0x82930000, 0x852e6e28, 0x852e7000, 0x852f0000)
    ro space 10240K,  58% used [0x92930000, 0x92f0c810, 0x92f0ca00, 0x93330000)
    rw space 12288K,  59% used [0x93330000, 0x93a4ce58, 0x93a4d000, 0x93f30000)
}
Event: 333.706 GC heap before
{Heap before GC invocations=34 (full 11):
 def new generation   total 24768K, used 22080K [0x6a930000, 0x6c400000, 0x72930000)
  eden space 22080K, 100% used [0x6a930000, 0x6bec0000, 0x6bec0000)
  from space 2688K,   0% used [0x6c160000, 0x6c160000, 0x6c400000)
  to   space 2688K,   0% used [0x6bec0000, 0x6bec0000, 0x6c160000)
 tenured generation   total 54836K, used 27784K [0x72930000, 0x75ebd000, 0x82930000)
   the space 54836K,  50% used [0x72930000, 0x74452188, 0x74452200, 0x75ebd000)
 compacting perm gen  total 43776K, used 43620K [0x82930000, 0x853f0000, 0x92930000)
   the space 43776K,  99% used [0x82930000, 0x853c92e8, 0x853c9400, 0x853f0000)
    ro space 10240K,  58% used [0x92930000, 0x92f0c810, 0x92f0ca00, 0x93330000)
    rw space 12288K,  59% used [0x93330000, 0x93a4ce58, 0x93a4d000, 0x93f30000)
Event: 333.727 GC heap after
Heap after GC invocations=35 (full 11):
 def new generation   total 24768K, used 2688K [0x6a930000, 0x6c400000, 0x72930000)
  eden space 22080K,   0% used [0x6a930000, 0x6a930000, 0x6bec0000)
  from space 2688K, 100% used [0x6bec0000, 0x6c160000, 0x6c160000)
  to   space 2688K,   0% used [0x6c160000, 0x6c160000, 0x6c400000)
 tenured generation   total 54836K, used 29166K [0x72930000, 0x75ebd000, 0x82930000)
   the space 54836K,  53% used [0x72930000, 0x745ab9c8, 0x745aba00, 0x75ebd000)
 compacting perm gen  total 43776K, used 43620K [0x82930000, 0x853f0000, 0x92930000)
   the space 43776K,  99% used [0x82930000, 0x853c92e8, 0x853c9400, 0x853f0000)
    ro space 10240K,  58% used [0x92930000, 0x92f0c810, 0x92f0ca00, 0x93330000)
    rw space 12288K,  59% used [0x93330000, 0x93a4ce58, 0x93a4d000, 0x93f30000)
}

Deoptimization events (0 events):
No events

Internal exceptions (10 events):
Event: 311.759 Thread 0xb1beb800 Threw 0x6adac480 at /build/buildd/openjdk-7-7u51-2.4.4/build/openjdk/hotspot/src/share/vm/prims/jvm.cpp:1244
Event: 311.759 Thread 0xb1beb800 Threw 0x6adacbf0 at /build/buildd/openjdk-7-7u51-2.4.4/build/openjdk/hotspot/src/share/vm/prims/jvm.cpp:1244
Event: 332.181 Thread 0x088ea000 Threw 0x6b47d9d8 at /build/buildd/openjdk-7-7u51-2.4.4/build/openjdk/hotspot/src/share/vm/runtime/sharedRuntime.cpp:591
Event: 332.336 Thread 0x088ea000 Threw 0x6b53ec68 at /build/buildd/openjdk-7-7u51-2.4.4/build/openjdk/hotspot/src/share/vm/runtime/sharedRuntime.cpp:591
Event: 332.896 Thread 0x09c8cc00 Threw 0x6b91eaa8 at /build/buildd/openjdk-7-7u51-2.4.4/build/openjdk/hotspot/src/share/vm/runtime/sharedRuntime.cpp:591
Event: 332.898 Thread 0x09c8cc00 Threw 0x6b93a0a0 at /build/buildd/openjdk-7-7u51-2.4.4/build/openjdk/hotspot/src/share/vm/runtime/sharedRuntime.cpp:591
Event: 332.934 Thread 0x09c8cc00 Threw 0x6ba56b60 at /build/buildd/openjdk-7-7u51-2.4.4/build/openjdk/hotspot/src/share/vm/runtime/sharedRuntime.cpp:591
Event: 332.962 Thread 0x09c8cc00 Threw 0x6bade700 at /build/buildd/openjdk-7-7u51-2.4.4/build/openjdk/hotspot/src/share/vm/runtime/sharedRuntime.cpp:591
Event: 332.965 Thread 0x09c8cc00 Threw 0x6baeec10 at /build/buildd/openjdk-7-7u51-2.4.4/build/openjdk/hotspot/src/share/vm/runtime/sharedRuntime.cpp:591
Event: 333.600 Thread 0x09c8e800 Threw 0x6be05ec8 at /build/buildd/openjdk-7-7u51-2.4.4/build/openjdk/hotspot/src/share/vm/interpreter/interpreterRuntime.cpp:347

Events (10 events):
Event: 334.406 loading class 0x09cf3bf8
Event: 334.406 loading class 0x09cf3bf8 done
Event: 335.723 loading class 0x09cf74e0
Event: 335.730 loading class 0x09cf74e0 done
Event: 335.748 Thread 0x0892b800 flushing nmethod 0xb28c6348
Event: 335.749 Thread 0x0892b800 flushing nmethod 0xb28cf608
Event: 335.749 Thread 0x0892b800 flushing nmethod 0xb28df108
Event: 335.749 Thread 0x0892b800 flushing nmethod 0xb28e1208
Event: 335.749 Thread 0x0892b800 flushing nmethod 0xb28ec108
Event: 335.749 Thread 0x0892b800 flushing nmethod 0xb28fb388


Dynamic libraries:
08048000-0804c000 r-xp 00000000 08:05 1191851    /usr/lib/eclipse/eclipse
0804c000-0804d000 r--p 00003000 08:05 1191851    /usr/lib/eclipse/eclipse
0804d000-0804e000 rw-p 00004000 08:05 1191851    /usr/lib/eclipse/eclipse
08863000-09da4000 rw-p 00000000 00:00 0          [heap]
6a930000-6c400000 rw-p 00000000 00:00 0 
6c400000-6c410000 ---p 00000000 00:00 0 
6c410000-72930000 rw-p 00000000 00:00 0 
72930000-75ebd000 rw-p 00000000 00:00 0 
75ebd000-82930000 rw-p 00000000 00:00 0 
82930000-85430000 rw-p 00000000 00:00 0 
85430000-92930000 rw-p 00000000 00:00 0 
92930000-92f0d000 r--p 00001000 08:05 1182123    /usr/lib/jvm/java-7-openjdk-i386/jre/lib/i386/client/classes.jsa
92f0d000-93330000 rw-p 00000000 00:00 0 
93330000-93a4d000 rw-p 005de000 08:05 1182123    /usr/lib/jvm/java-7-openjdk-i386/jre/lib/i386/client/classes.jsa
93a4d000-93f30000 rw-p 00000000 00:00 0 
93f30000-9423e000 rw-p 00cfb000 08:05 1182123    /usr/lib/jvm/java-7-openjdk-i386/jre/lib/i386/client/classes.jsa
9423e000-94330000 rw-p 00000000 00:00 0 
94330000-94339000 r-xp 01009000 08:05 1182123    /usr/lib/jvm/java-7-openjdk-i386/jre/lib/i386/client/classes.jsa
94339000-94730000 rw-p 00000000 00:00 0 
a28aa000-a2dff000 rw-p 00000000 00:00 0 
a2dff000-a2e00000 ---p 00000000 00:00 0 
a2e00000-a3600000 rw-p 00000000 00:00 0          [stack:11156]
a3600000-a36aa000 r-xp 00000000 08:05 1182482    /usr/lib/libaspell.so.15.2.0
a36aa000-a36ad000 r--p 000aa000 08:05 1182482    /usr/lib/libaspell.so.15.2.0
a36ad000-a36ae000 rw-p 000ad000 08:05 1182482    /usr/lib/libaspell.so.15.2.0
a36ae000-a36b2000 rw-p 00000000 00:00 0 
a36b2000-a3703000 r-xp 00000000 08:05 1180305    /usr/lib/i386-linux-gnu/libhunspell-1.3.so.0.0.0
a3703000-a3704000 r--p 00050000 08:05 1180305    /usr/lib/i386-linux-gnu/libhunspell-1.3.so.0.0.0
a3704000-a3708000 rw-p 00051000 08:05 1180305    /usr/lib/i386-linux-gnu/libhunspell-1.3.so.0.0.0
a3714000-a371f000 r-xp 00000000 08:05 1183460    /usr/lib/enchant/libenchant_ispell.so
a371f000-a3720000 r--p 0000a000 08:05 1183460    /usr/lib/enchant/libenchant_ispell.so
a3720000-a3721000 rw-p 0000b000 08:05 1183460    /usr/lib/enchant/libenchant_ispell.so
a3721000-a372a000 r-xp 00000000 08:05 1183459    /usr/lib/enchant/libenchant_hspell.so
a372a000-a372b000 r--p 00008000 08:05 1183459    /usr/lib/enchant/libenchant_hspell.so
a372b000-a372d000 rw-p 00009000 08:05 1183459    /usr/lib/enchant/libenchant_hspell.so
a372d000-a372e000 ---p 00000000 00:00 0 
a372e000-a3f2e000 rw-p 00000000 00:00 0          [stack:11155]
a3f2e000-a3f6c000 r--p 00000000 08:05 1966722    /usr/share/glib-2.0/schemas/gschemas.compiled
a3f6c000-a3f6d000 ---p 00000000 00:00 0 
a3f6d000-a488d000 rw-p 00000000 00:00 0          [stack:11154]
a488d000-a488e000 ---p 00000000 00:00 0 
a488e000-a508e000 rw-p 00000000 00:00 0          [stack:11153]
a508e000-a50d6000 r-xp 00000000 08:05 2490537    /lib/i386-linux-gnu/libdbus-1.so.3.7.2
a50d6000-a50d7000 r--p 00047000 08:05 2490537    /lib/i386-linux-gnu/libdbus-1.so.3.7.2
a50d7000-a50d8000 rw-p 00048000 08:05 2490537    /lib/i386-linux-gnu/libdbus-1.so.3.7.2
a50d8000-a50ee000 r-xp 00000000 08:05 1184328    /usr/lib/i386-linux-gnu/libICE.so.6.3.0
a50ee000-a50ef000 r--p 00015000 08:05 1184328    /usr/lib/i386-linux-gnu/libICE.so.6.3.0
a50ef000-a50f0000 rw-p 00016000 08:05 1184328    /usr/lib/i386-linux-gnu/libICE.so.6.3.0
a50f0000-a50f2000 rw-p 00000000 00:00 0 
a50f2000-a5108000 r-xp 00000000 08:05 1183432    /usr/lib/i386-linux-gnu/libxcb-glx.so.0.0.0
a5108000-a5109000 r--p 00016000 08:05 1183432    /usr/lib/i386-linux-gnu/libxcb-glx.so.0.0.0
a5109000-a510a000 rw-p 00017000 08:05 1183432    /usr/lib/i386-linux-gnu/libxcb-glx.so.0.0.0
a510a000-a5119000 r-xp 00000000 08:05 1179689    /usr/lib/i386-linux-gnu/libglapi.so.0.0.0
a5119000-a511a000 ---p 0000f000 08:05 1179689    /usr/lib/i386-linux-gnu/libglapi.so.0.0.0
a511a000-a511c000 r--p 0000f000 08:05 1179689    /usr/lib/i386-linux-gnu/libglapi.so.0.0.0
a511c000-a5121000 rwxp 00011000 08:05 1179689    /usr/lib/i386-linux-gnu/libglapi.so.0.0.0
a5121000-a51af000 r-xp 00000000 08:05 1191681    /usr/lib/i386-linux-gnu/liborc-0.4.so.0.17.0
a51af000-a51b0000 r--p 0008e000 08:05 1191681    /usr/lib/i386-linux-gnu/liborc-0.4.so.0.17.0
a51b0000-a51b4000 rw-p 0008f000 08:05 1191681    /usr/lib/i386-linux-gnu/liborc-0.4.so.0.17.0
a51b4000-a51e8000 r-xp 00000000 08:05 1184756    /usr/lib/i386-linux-gnu/libgsttag-1.0.so.0.6.0
a51e8000-a51e9000 r--p 00034000 08:05 1184756    /usr/lib/i386-linux-gnu/libgsttag-1.0.so.0.6.0
a51e9000-a51ea000 rw-p 00035000 08:05 1184756    /usr/lib/i386-linux-gnu/libgsttag-1.0.so.0.6.0
a51ea000-a5242000 r-xp 00000000 08:05 1187493    /usr/lib/i386-linux-gnu/libXt.so.6.0.0
a5242000-a5243000 r--p 00058000 08:05 1187493    /usr/lib/i386-linux-gnu/libXt.so.6.0.0
a5243000-a5246000 rw-p 00059000 08:05 1187493    /usr/lib/i386-linux-gnu/libXt.so.6.0.0
a5246000-a5412000 r-xp 00000000 08:05 1181500    /usr/lib/i386-linux-gnu/libicui18n.so.48.1.1
a5412000-a5419000 r--p 001cb000 08:05 1181500    /usr/lib/i386-linux-gnu/libicui18n.so.48.1.1
a5419000-a541a000 rw-p 001d2000 08:05 1181500    /usr/lib/i386-linux-gnu/libicui18n.so.48.1.1
a541a000-a54c6000 r-xp 00000000 08:05 1187991    /usr/lib/i386-linux-gnu/libsqlite3.so.0.8.6
a54c6000-a54c7000 r--p 000ac000 08:05 1187991    /usr/lib/i386-linux-gnu/libsqlite3.so.0.8.6
a54c7000-a54c8000 rw-p 000ad000 08:05 1187991    /usr/lib/i386-linux-gnu/libsqlite3.so.0.8.6
a54c8000-a54c9000 rw-p 00000000 00:00 0 
a54c9000-a551b000 r-xp 00000000 08:05 1183943    /usr/lib/i386-linux-gnu/mesa/libGL.so.1.2.0
a551b000-a551d000 r--p 00051000 08:05 1183943    /usr/lib/i386-linux-gnu/mesa/libGL.so.1.2.0
a551d000-a5521000 rwxp 00053000 08:05 1183943    /usr/lib/i386-linux-gnu/mesa/libGL.so.1.2.0
a5521000-a5522000 rwxp 00000000 00:00 0 
a5522000-a555d000 r-xp 00000000 08:05 1183949    /usr/lib/i386-linux-gnu/libxslt.so.1.1.27
a555d000-a555e000 r--p 0003a000 08:05 1183949    /usr/lib/i386-linux-gnu/libxslt.so.1.1.27
a555e000-a555f000 rw-p 0003b000 08:05 1183949    /usr/lib/i386-linux-gnu/libxslt.so.1.1.27
a555f000-a55e8000 r-xp 00000000 08:05 1182927    /usr/lib/i386-linux-gnu/libsoup-2.4.so.1.5.0
a55e8000-a55e9000 r--p 00089000 08:05 1182927    /usr/lib/i386-linux-gnu/libsoup-2.4.so.1.5.0
a55e9000-a55f6000 rw-p 0008a000 08:05 1182927    /usr/lib/i386-linux-gnu/libsoup-2.4.so.1.5.0
a55f6000-a563b000 r-xp 00000000 08:05 1180209    /usr/lib/i386-linux-gnu/libjpeg.so.8.0.2
a563b000-a563c000 r--p 00044000 08:05 1180209    /usr/lib/i386-linux-gnu/libjpeg.so.8.0.2
a563c000-a563d000 rw-p 00045000 08:05 1180209    /usr/lib/i386-linux-gnu/libjpeg.so.8.0.2
a563d000-a564d000 rw-p 00000000 00:00 0 
a564d000-a573c000 r-xp 00000000 08:05 1183893    /usr/lib/i386-linux-gnu/libgstreamer-1.0.so.0.6.0
a573c000-a573f000 r--p 000ee000 08:05 1183893    /usr/lib/i386-linux-gnu/libgstreamer-1.0.so.0.6.0
a573f000-a5740000 rw-p 000f1000 08:05 1183893    /usr/lib/i386-linux-gnu/libgstreamer-1.0.so.0.6.0
a5740000-a5741000 rw-p 00000000 00:00 0 
a5741000-a579b000 r-xp 00000000 08:05 1179740    /usr/lib/i386-linux-gnu/libgstbase-1.0.so.0.6.0
a579b000-a579c000 ---p 0005a000 08:05 1179740    /usr/lib/i386-linux-gnu/libgstbase-1.0.so.0.6.0
a579c000-a579d000 r--p 0005a000 08:05 1179740    /usr/lib/i386-linux-gnu/libgstbase-1.0.so.0.6.0
a579d000-a579e000 rw-p 0005b000 08:05 1179740    /usr/lib/i386-linux-gnu/libgstbase-1.0.so.0.6.0
a579e000-a5bc1000 r-xp 00000000 08:05 1198727    /usr/lib/libjavascriptcoregtk-1.0.so.0.13.11
a5bc1000-a5bc8000 r--p 00422000 08:05 1198727    /usr/lib/libjavascriptcoregtk-1.0.so.0.13.11
a5bc8000-a5bca000 rw-p 00429000 08:05 1198727    /usr/lib/libjavascriptcoregtk-1.0.so.0.13.11
a5bca000-a5bdb000 rw-p 00000000 00:00 0 
a5bdb000-a7330000 r-xp 00000000 08:05 1198723    /usr/lib/libwebkitgtk-1.0.so.0.17.5
a7330000-a73ef000 r--p 01754000 08:05 1198723    /usr/lib/libwebkitgtk-1.0.so.0.17.5
a73ef000-a73f8000 rw-p 01813000 08:05 1198723    /usr/lib/libwebkitgtk-1.0.so.0.17.5
a73f8000-a7400000 rw-p 00000000 00:00 0 
a7400000-a7470000 rw-p 00000000 00:00 0 
a7470000-a7500000 ---p 00000000 00:00 0 
a7505000-a7509000 rwxp 00000000 00:00 0 
a7509000-a7513000 r-xp 00000000 08:05 1180510    /usr/lib/i386-linux-gnu/gio/modules/libdconfsettings.so
a7513000-a7514000 r--p 00009000 08:05 1180510    /usr/lib/i386-linux-gnu/gio/modules/libdconfsettings.so
a7514000-a7515000 rw-p 0000a000 08:05 1180510    /usr/lib/i386-linux-gnu/gio/modules/libdconfsettings.so
a7515000-a7539000 r-xp 00000000 08:05 1180241    /usr/lib/i386-linux-gnu/libdbus-glib-1.so.2.2.2
a7539000-a753a000 r--p 00023000 08:05 1180241    /usr/lib/i386-linux-gnu/libdbus-glib-1.so.2.2.2
a753a000-a753b000 rw-p 00024000 08:05 1180241    /usr/lib/i386-linux-gnu/libdbus-glib-1.so.2.2.2
a753b000-a757b000 r-xp 00000000 08:05 1184752    /usr/lib/i386-linux-gnu/libgstvideo-1.0.so.0.6.0
a757b000-a757c000 ---p 00040000 08:05 1184752    /usr/lib/i386-linux-gnu/libgstvideo-1.0.so.0.6.0
a757c000-a757d000 r--p 00040000 08:05 1184752    /usr/lib/i386-linux-gnu/libgstvideo-1.0.so.0.6.0
a757d000-a7580000 rw-p 00041000 08:05 1184752    /usr/lib/i386-linux-gnu/libgstvideo-1.0.so.0.6.0
a7580000-a7600000 rw-s 00000000 00:04 37978133   /SYSV00000000 (deleted)
a7600000-a76a2000 rw-p 00000000 00:00 0 
a76a2000-a7700000 ---p 00000000 00:00 0 
a7700000-a7704000 r-xp 00000000 08:05 1183461    /usr/lib/enchant/libenchant_myspell.so
a7704000-a7705000 r--p 00003000 08:05 1183461    /usr/lib/enchant/libenchant_myspell.so
a7705000-a7706000 rw-p 00004000 08:05 1183461    /usr/lib/enchant/libenchant_myspell.so
a7706000-a770a000 r-xp 00000000 08:05 2494754    /lib/i386-linux-gnu/libuuid.so.1.3.0
a770a000-a770b000 r--p 00003000 08:05 2494754    /lib/i386-linux-gnu/libuuid.so.1.3.0
a770b000-a770c000 rw-p 00004000 08:05 2494754    /lib/i386-linux-gnu/libuuid.so.1.3.0
a770c000-a770f000 ---p 00000000 00:00 0 
a770f000-a775d000 rw-p 00000000 00:00 0          [stack:11038]
a775d000-a7760000 ---p 00000000 00:00 0 
a7760000-a77ae000 rw-p 00000000 00:00 0 
a77ae000-a77b1000 ---p 00000000 00:00 0 
a77b1000-a77ff000 rw-p 00000000 00:00 0          [stack:11034]
a77ff000-a7800000 ---p 00000000 00:00 0 
a7800000-a8000000 rw-p 00000000 00:00 0          [stack:11026]
a8000000-a80ff000 rw-p 00000000 00:00 0 
a80ff000-a8100000 ---p 00000000 00:00 0 
a8102000-a8109000 r-xp 00000000 08:05 1184385    /usr/lib/i386-linux-gnu/libSM.so.6.0.1
a8109000-a810a000 r--p 00006000 08:05 1184385    /usr/lib/i386-linux-gnu/libSM.so.6.0.1
a810a000-a810b000 rw-p 00007000 08:05 1184385    /usr/lib/i386-linux-gnu/libSM.so.6.0.1
a810b000-a812c000 r-xp 00000000 08:05 1184691    /usr/lib/i386-linux-gnu/libgstpbutils-1.0.so.0.6.0
a812c000-a812d000 r--p 00020000 08:05 1184691    /usr/lib/i386-linux-gnu/libgstpbutils-1.0.so.0.6.0
a812d000-a812e000 rw-p 00021000 08:05 1184691    /usr/lib/i386-linux-gnu/libgstpbutils-1.0.so.0.6.0
a812e000-a8131000 ---p 00000000 00:00 0 
a8131000-a817f000 rw-p 00000000 00:00 0          [stack:11025]
a817f000-a8182000 ---p 00000000 00:00 0 
a8182000-a81d0000 rw-p 00000000 00:00 0          [stack:11024]
a81d0000-a81f8000 r--s 0020c000 08:05 2763138    /usr/share/eclipse/plugins/org.eclipse.ui.ide_3.8.1.dist.jar
a81f8000-a8348000 r-xp 00000000 08:05 1182210    /usr/lib/i386-linux-gnu/libxml2.so.2.9.0
a8348000-a834c000 r--p 00150000 08:05 1182210    /usr/lib/i386-linux-gnu/libxml2.so.2.9.0
a834c000-a834d000 rw-p 00154000 08:05 1182210    /usr/lib/i386-linux-gnu/libxml2.so.2.9.0
a834d000-a834e000 rw-p 00000000 00:00 0 
a834e000-a8386000 r-xp 00000000 08:05 1180255    /usr/lib/i386-linux-gnu/libcroco-0.6.so.3.0.1
a8386000-a8388000 r--p 00038000 08:05 1180255    /usr/lib/i386-linux-gnu/libcroco-0.6.so.3.0.1
a8388000-a8389000 rw-p 0003a000 08:05 1180255    /usr/lib/i386-linux-gnu/libcroco-0.6.so.3.0.1
a8389000-aa91f000 r--p 00000000 08:05 2270018    /usr/share/icons/hicolor/icon-theme.cache
aa91f000-af885000 r--p 00000000 08:05 2228790    /usr/share/icons/gnome/icon-theme.cache
af885000-af96f000 r--p 00000000 08:05 2228789    /usr/share/icons/Humanity/icon-theme.cache
af96f000-af973000 rwxp 00000000 00:00 0 
af973000-af9bc000 r--s 0040a000 00:16 668496     /home/oted/.eclipse/org.eclipse.platform_3.8_155965261/plugins/org.eclipse.cdt.core_5.3.2.201202111925.jar
af9bc000-afa13000 r--s 004b4000 00:16 668612     /home/oted/.eclipse/org.eclipse.platform_3.8_155965261/plugins/org.eclipse.cdt.ui_5.3.2.201202111925.jar
afa13000-afa5e000 r--s 003b7000 08:05 1444005    /usr/lib/eclipse/dropins/sdk/plugins/org.eclipse.pde.ui_3.7.1.dist.jar
afa5e000-afa61000 ---p 00000000 00:00 0 
afa61000-afaaf000 rw-p 00000000 00:00 0 
afaaf000-afab2000 ---p 00000000 00:00 0 
afab2000-afb00000 rw-p 00000000 00:00 0 
afb00000-afc00000 rw-p 00000000 00:00 0 
afc00000-afc0b000 r-xp 00000000 08:05 1181010    /usr/lib/i386-linux-gnu/libdrm.so.2.4.0
afc0b000-afc0c000 r--p 0000a000 08:05 1181010    /usr/lib/i386-linux-gnu/libdrm.so.2.4.0
afc0c000-afc0d000 rw-p 0000b000 08:05 1181010    /usr/lib/i386-linux-gnu/libdrm.so.2.4.0
afc0d000-afc10000 ---p 00000000 00:00 0 
afc10000-afc5e000 rw-p 00000000 00:00 0 
afc5e000-afc61000 ---p 00000000 00:00 0 
afc61000-afcaf000 rw-p 00000000 00:00 0 
afcaf000-afcb2000 ---p 00000000 00:00 0 
afcb2000-afd00000 rw-p 00000000 00:00 0 
afd00000-afdfe000 rw-p 00000000 00:00 0 
afdfe000-afe00000 ---p 00000000 00:00 0 
afe02000-afe06000 r-xp 00000000 08:05 1184433    /usr/lib/i386-linux-gnu/libXxf86vm.so.1.0.0
afe06000-afe07000 r--p 00003000 08:05 1184433    /usr/lib/i386-linux-gnu/libXxf86vm.so.1.0.0
afe07000-afe08000 rw-p 00004000 08:05 1184433    /usr/lib/i386-linux-gnu/libXxf86vm.so.1.0.0
afe08000-afe2d000 r-xp 00000000 08:05 2491066    /lib/i386-linux-gnu/liblzma.so.5.0.0
afe2d000-afe2e000 r--p 00024000 08:05 2491066    /lib/i386-linux-gnu/liblzma.so.5.0.0
afe2e000-afe2f000 rw-p 00025000 08:05 2491066    /lib/i386-linux-gnu/liblzma.so.5.0.0
afe2f000-afe32000 ---p 00000000 00:00 0 
afe32000-afe80000 rw-p 00000000 00:00 0 
afe80000-afe85000 r--p 00000000 00:16 549436     /home/oted/.config/dconf/user
afe85000-afe88000 r-xp 00000000 08:05 1193925    /usr/lib/i386-linux-gnu/libxcb-dri2.so.0.0.0
afe88000-afe89000 r--p 00003000 08:05 1193925    /usr/lib/i386-linux-gnu/libxcb-dri2.so.0.0.0
afe89000-afe8a000 rw-p 00004000 08:05 1193925    /usr/lib/i386-linux-gnu/libxcb-dri2.so.0.0.0
afe8a000-afed8000 r-xp 00000000 08:05 1184716    /usr/lib/i386-linux-gnu/libgstaudio-1.0.so.0.6.0
afed8000-afed9000 r--p 0004d000 08:05 1184716    /usr/lib/i386-linux-gnu/libgstaudio-1.0.so.0.6.0
afed9000-afeda000 rw-p 0004e000 08:05 1184716    /usr/lib/i386-linux-gnu/libgstaudio-1.0.so.0.6.0
afeda000-afee5000 r-xp 00000000 08:05 1184738    /usr/lib/i386-linux-gnu/libgstapp-1.0.so.0.6.0
afee5000-afee6000 r--p 0000a000 08:05 1184738    /usr/lib/i386-linux-gnu/libgstapp-1.0.so.0.6.0
afee6000-afee7000 rw-p 0000b000 08:05 1184738    /usr/lib/i386-linux-gnu/libgstapp-1.0.so.0.6.0
afee7000-afee9000 r-xp 00000000 08:05 1183458    /usr/lib/enchant/libenchant_aspell.so
afee9000-afeea000 r--p 00001000 08:05 1183458    /usr/lib/enchant/libenchant_aspell.so
afeea000-afeeb000 rw-p 00002000 08:05 1183458    /usr/lib/enchant/libenchant_aspell.so
afeeb000-afeee000 r-xp 00000000 08:05 1180710    /usr/lib/i386-linux-gnu/gio/modules/libgiognomeproxy.so
afeee000-afeef000 r--p 00002000 08:05 1180710    /usr/lib/i386-linux-gnu/gio/modules/libgiognomeproxy.so
afeef000-afef0000 rw-p 00003000 08:05 1180710    /usr/lib/i386-linux-gnu/gio/modules/libgiognomeproxy.so
afef0000-aff00000 rw-p 00000000 00:00 0 
aff00000-b0000000 rw-p 00000000 00:00 0 
b0000000-b0037000 r-xp 00000000 08:05 1179937    /usr/lib/i386-linux-gnu/librsvg-2.so.2.36.4
b0037000-b0038000 r--p 00036000 08:05 1179937    /usr/lib/i386-linux-gnu/librsvg-2.so.2.36.4
b0038000-b0039000 rw-p 00037000 08:05 1179937    /usr/lib/i386-linux-gnu/librsvg-2.so.2.36.4
b0039000-b0099000 rw-s 00000000 00:04 37912595   /SYSV00000000 (deleted)
b009b000-b00ad000 r-xp 00000000 08:05 1182577    /usr/lib/libgeoclue.so.0.0.0
b00ad000-b00ae000 r--p 00012000 08:05 1182577    /usr/lib/libgeoclue.so.0.0.0
b00ae000-b00af000 rw-p 00013000 08:05 1182577    /usr/lib/libgeoclue.so.0.0.0
b00af000-b00bb000 r-xp 00000000 08:05 1187641    /usr/lib/jni/libswt-webkit-gtk-3836.so
b00bb000-b00bc000 r--p 0000b000 08:05 1187641    /usr/lib/jni/libswt-webkit-gtk-3836.so
b00bc000-b00bd000 rw-p 0000c000 08:05 1187641    /usr/lib/jni/libswt-webkit-gtk-3836.so
b00bd000-b00cb000 r--s 0005d000 00:16 798221     /home/oted/.eclipse/org.eclipse.platform_3.8_155965261/configuration/org.eclipse.osgi/bundles/283/1/.cp/libs/propertysheet.jar
b00cb000-b00ce000 ---p 00000000 00:00 0 
b00ce000-b011c000 rw-p 00000000 00:00 0          [stack:11012]
b011f000-b0126000 r-xp 00000000 08:05 1185898    /usr/lib/i386-linux-gnu/libgailutil.so.18.0.1
b0126000-b0127000 r--p 00006000 08:05 1185898    /usr/lib/i386-linux-gnu/libgailutil.so.18.0.1
b0127000-b0128000 rw-p 00007000 08:05 1185898    /usr/lib/i386-linux-gnu/libgailutil.so.18.0.1
b0128000-b0138000 r--s 000f3000 00:16 798216     /home/oted/.eclipse/org.eclipse.platform_3.8_155965261/configuration/org.eclipse.osgi/bundles/283/1/.cp/libs/lombok-ast-0.2.jar
b0138000-b0141000 r--s 00094000 00:16 798212     /home/oted/.eclipse/org.eclipse.platform_3.8_155965261/configuration/org.eclipse.osgi/bundles/283/1/.cp/libs/assetstudio.jar
b0141000-b014b000 r-xp 00000000 08:05 1182553    /usr/lib/libenchant.so.1.6.0
b014b000-b014c000 r--p 00009000 08:05 1182553    /usr/lib/libenchant.so.1.6.0
b014c000-b014d000 rw-p 0000a000 08:05 1182553    /usr/lib/libenchant.so.1.6.0
b014d000-b0158000 r--s 00203000 08:05 1190642    /usr/lib/jvm/java-7-openjdk-i386/jre/lib/charsets.jar
b0158000-b015f000 r--s 0004f000 08:05 136879     /usr/share/eclipse/dropins/jdt/plugins/org.eclipse.jdt.apt.core_3.3.500.dist.jar
b015f000-b0168000 r--s 00055000 08:05 2763152    /usr/share/eclipse/plugins/org.eclipse.team.core_3.6.100.dist.jar
b0168000-b016c000 r--s 00015000 08:05 1313482    /usr/lib/eclipse/plugins/org.eclipse.core.commands_3.6.1.dist.jar
b016c000-b016f000 ---p 00000000 00:00 0 
b016f000-b01bd000 rw-p 00000000 00:00 0          [stack:11027]
b01bd000-b01c5000 r--s 00000000 00:16 535348     /home/oted/.local/share/gvfs-metadata/root-b115c305.log
b01c5000-b01c9000 r--s 00000000 00:16 533964     /home/oted/.local/share/gvfs-metadata/root
b01ca000-b01d2000 r--s 0004a000 08:05 2763137    /usr/share/eclipse/plugins/org.eclipse.debug.core_3.7.100.dist.jar
b01d2000-b01d7000 r--s 00046000 08:05 136877     /usr/share/eclipse/dropins/jdt/plugins/org.eclipse.jdt.launching_3.6.100.dist.jar
b01d9000-b01e0000 r--s 00000000 08:05 1229478    /usr/lib/i386-linux-gnu/gconv/gconv-modules.cache
b01e0000-b01f1000 r--s 000bc000 00:16 655824     /home/oted/.eclipse/org.eclipse.platform_3.8_155965261/plugins/org.eclipse.gef_3.7.2.v20111106-2020.jar
b01f1000-b01f5000 r--s 00022000 08:05 2763156    /usr/share/eclipse/plugins/org.eclipse.ui.console_3.5.100.dist.jar
b01f5000-b0227000 r--s 00693000 00:16 668435     /home/oted/.eclipse/org.eclipse.platform_3.8_155965261/plugins/com.android.ide.eclipse.adt_21.1.0.v201302060044-569685.jar
b0229000-b022d000 r--s 0001e000 08:05 1313551    /usr/lib/eclipse/plugins/org.eclipse.ui_3.8.0.dist.jar
b022d000-b0230000 ---p 00000000 00:00 0 
b0230000-b027e000 rw-p 00000000 00:00 0          [stack:11010]
b027e000-b0288000 r--s 00080000 00:16 655823     /home/oted/.eclipse/org.eclipse.platform_3.8_155965261/plugins/org.eclipse.draw2d_3.7.2.v20111017-2020.jar
b0288000-b02c2000 r--p 00000000 08:05 1966561    /usr/share/fonts/truetype/ttf-dejavu/DejaVuSansMono-BoldOblique.ttf
b02c2000-b02fe000 r--p 00000000 08:05 1966563    /usr/share/fonts/truetype/ttf-dejavu/DejaVuSansMono-Oblique.ttf
b02fe000-b034b000 r--p 00000000 08:05 1980854    /usr/share/fonts/truetype/ttf-dejavu/DejaVuSansMono-Bold.ttf
b034b000-b0350000 r--s 00101000 00:16 671192     /home/oted/.eclipse/org.eclipse.platform_3.8_155965261/plugins/com.objectaid.uml.seq_1.1.2.jar
b0350000-b035b000 r--s 0005e000 00:16 939191     /home/oted/.eclipse/org.eclipse.platform_3.8_155965261/configuration/org.eclipse.osgi/bundles/520/1/.cp/lib/xstream-1.3.1.jar
b035b000-b0361000 r--s 00046000 08:05 1573307    /usr/share/java/commons-httpclient-3.1.jar
b0361000-b036c000 r--p 00000000 08:05 2228788    /usr/share/icons/Humanity-Dark/icon-theme.cache
b036c000-b03c4000 r--p 00000000 08:05 1968089    /usr/share/fonts/truetype/ubuntu-font-family/Ubuntu-BI.ttf
b03c4000-b0423000 r--p 00000000 08:05 1968096    /usr/share/fonts/truetype/ubuntu-font-family/Ubuntu-RI.ttf
b0423000-b0475000 r--p 00000000 08:05 1968088    /usr/share/fonts/truetype/ubuntu-font-family/Ubuntu-B.ttf
b0477000-b0481000 r--s 00067000 00:16 668577     /home/oted/.eclipse/org.eclipse.platform_3.8_155965261/plugins/org.eclipse.cdt.make.ui_7.1.2.201202111925.jar
b0481000-b048c000 r--p 00000000 08:05 2228787    /usr/share/icons/ubuntu-mono-dark/icon-theme.cache
b048c000-b0499000 r--s 000c0000 08:05 136246     /usr/share/eclipse/dropins/jdt/plugins/org.eclipse.jdt.debug_3.7.101.dist/jdimodel.jar
b0499000-b04af000 r--s 002d6000 00:16 671148     /home/oted/.eclipse/org.eclipse.platform_3.8_155965261/plugins/org.eclipse.uml2.uml_3.2.100.v201108110105.jar
b04af000-b04c9000 r--s 00128000 08:05 136880     /usr/share/eclipse/dropins/jdt/plugins/org.eclipse.jdt.debug.ui_3.6.100.dist.jar
b04c9000-b04e2000 r--s 000ed000 00:16 668502     /home/oted/.eclipse/org.eclipse.platform_3.8_155965261/plugins/org.eclipse.cdt.debug.ui_7.1.2.201202111925.jar
b04e3000-b04e7000 r--s 0001b000 00:16 659910     /home/oted/.eclipse/org.eclipse.platform_3.8_155965261/plugins/org.eclipse.emf.ecore.edit_2.7.1.v20120130-0943.jar
b04e7000-b04eb000 r--s 0000a000 08:05 136249     /usr/share/eclipse/dropins/jdt/plugins/org.eclipse.jdt.debug_3.7.101.dist/jdi.jar
b04eb000-b04ee000 ---p 00000000 00:00 0 
b04ee000-b053c000 rw-p 00000000 00:00 0          [stack:11008]
b053c000-b053d000 r-xp 00000000 08:05 1184315    /usr/lib/i386-linux-gnu/libX11-xcb.so.1.0.0
b053d000-b053e000 r--p 00000000 08:05 1184315    /usr/lib/i386-linux-gnu/libX11-xcb.so.1.0.0
b053e000-b053f000 rw-p 00001000 08:05 1184315    /usr/lib/i386-linux-gnu/libX11-xcb.so.1.0.0
b053f000-b056a000 r--s 00455000 08:05 2763175    /usr/share/eclipse/plugins/org.eclipse.jdt.core_3.8.2.dist.jar
b056a000-b057e000 r--s 000d8000 08:05 2763180    /usr/share/eclipse/plugins/org.eclipse.jface.text_3.8.1.dist.jar
b057e000-b0589000 r--s 0007d000 08:05 2763093    /usr/share/eclipse/plugins/org.eclipse.ui.editors_3.8.0.dist.jar
b0589000-b061f000 r--s 0091c000 08:05 136898     /usr/share/eclipse/dropins/jdt/plugins/org.eclipse.jdt.ui_3.8.1.dist.jar
b0620000-b0631000 r--s 000fe000 00:16 668616     /home/oted/.eclipse/org.eclipse.platform_3.8_155965261/plugins/org.eclipse.emf.ecore_2.7.0.v20120127-1122.jar
b0631000-b063a000 r--s 0005c000 08:05 1443968    /usr/lib/eclipse/dropins/sdk/plugins/org.eclipse.pde.api.tools.ui_1.0.400.dist.jar
b063a000-b0643000 r--s 0005b000 08:05 136893     /usr/share/eclipse/dropins/jdt/plugins/org.eclipse.jdt.junit_3.7.100.dist.jar
b0643000-b0653000 r--s 000d7000 08:05 136892     /usr/share/eclipse/dropins/jdt/plugins/org.eclipse.ant.ui_3.5.300.dist.jar
b0653000-b0660000 r--s 000ca000 00:16 659896     /home/oted/.eclipse/org.eclipse.platform_3.8_155965261/plugins/org.eclipse.uml2.uml.edit_3.1.100.v201009281840.jar
b0660000-b067c000 r--s 000ea000 00:16 671155     /home/oted/.eclipse/org.eclipse.platform_3.8_155965261/plugins/org.eclipse.uml2.diagram.common_0.9.2.201103290533.jar
b067c000-b067f000 ---p 00000000 00:00 0 
b067f000-b06cd000 rw-p 00000000 00:00 0          [stack:11117]
b06cd000-b06d0000 ---p 00000000 00:00 0 
b06d0000-b071e000 rw-p 00000000 00:00 0          [stack:11148]
b071e000-b0721000 ---p 00000000 00:00 0 
b0721000-b076f000 rw-p 00000000 00:00 0          [stack:11013]
b0770000-b0775000 r--s 00035000 08:05 2763185    /usr/share/eclipse/plugins/org.eclipse.text_3.5.200.dist.jar
b0775000-b0780000 r--s 00080000 08:05 2763140    /usr/share/eclipse/plugins/org.eclipse.ui.workbench.texteditor_3.8.0.dist.jar
b0780000-b0799000 r--s 00115000 00:16 668505     /home/oted/.eclipse/org.eclipse.platform_3.8_155965261/plugins/org.eclipse.cdt.dsf.gdb_4.0.2.201202111925.jar
b0799000-b079c000 r--s 00022000 08:05 136896     /usr/share/eclipse/dropins/jdt/plugins/org.eclipse.jdt.compiler.apt_1.0.500.dist.jar
b079c000-b07a0000 r--s 00013000 00:16 655811     /home/oted/.eclipse/org.eclipse.platform_3.8_155965261/plugins/de.odysseus.stan.eclipse.jdt_2.1.0.v20120917.jar
b07a0000-b07aa000 r--s 00041000 00:16 1315679    /home/oted/.eclipse/org.eclipse.platform_3.8_155965261/configuration/org.eclipse.osgi/bundles/386/1/.cp/stan-core-2.1.0.jar
b07aa000-b07dd000 r--s 0023a000 08:05 2763179    /usr/share/eclipse/plugins/org.eclipse.debug.ui_3.8.1.dist.jar
b07dd000-b07e3000 r--s 0003b000 00:16 668619     /home/oted/.eclipse/org.eclipse.platform_3.8_155965261/plugins/org.eclipse.emf.edit_2.7.2.v20120130-0943.jar
b07e3000-b07e6000 r--s 00014000 00:16 668475     /home/oted/.eclipse/org.eclipse.platform_3.8_155965261/plugins/com.android.ide.eclipse.ndk_21.1.0.v201302060044-569685.jar
b07e6000-b07ef000 r--s 00042000 00:16 668504     /home/oted/.eclipse/org.eclipse.platform_3.8_155965261/plugins/org.eclipse.cdt.dsf_2.2.0.201202111925.jar
b07ef000-b07f2000 ---p 00000000 00:00 0 
b07f2000-b0840000 rw-p 00000000 00:00 0          [stack:11150]
b0840000-b0841000 ---p 00000000 00:00 0 
b0841000-b1041000 rw-p 00000000 00:00 0          [stack:11002]
b1041000-b1051000 r-xp 00000000 08:05 2490539    /lib/i386-linux-gnu/libudev.so.1.2.2
b1051000-b1052000 r--p 0000f000 08:05 2490539    /lib/i386-linux-gnu/libudev.so.1.2.2
b1052000-b1053000 rw-p 00010000 08:05 2490539    /lib/i386-linux-gnu/libudev.so.1.2.2
b1053000-b1085000 r-xp 00000000 08:05 1184228    /usr/lib/i386-linux-gnu/gvfs/libgvfscommon.so
b1085000-b1086000 ---p 00032000 08:05 1184228    /usr/lib/i386-linux-gnu/gvfs/libgvfscommon.so
b1086000-b1088000 r--p 00032000 08:05 1184228    /usr/lib/i386-linux-gnu/gvfs/libgvfscommon.so
b1088000-b1089000 rw-p 00034000 08:05 1184228    /usr/lib/i386-linux-gnu/gvfs/libgvfscommon.so
b1089000-b10b9000 r-xp 00000000 08:05 1187248    /usr/lib/i386-linux-gnu/gio/modules/libgvfsdbus.so
b10b9000-b10ba000 r--p 0002f000 08:05 1187248    /usr/lib/i386-linux-gnu/gio/modules/libgvfsdbus.so
b10ba000-b10bb000 rw-p 00030000 08:05 1187248    /usr/lib/i386-linux-gnu/gio/modules/libgvfsdbus.so
b10bb000-b10fe000 r-xp 00000000 08:05 1182605    /usr/lib/i386-linux-gnu/libibus-1.0.so.0.402.0
b10fe000-b10ff000 r--p 00043000 08:05 1182605    /usr/lib/i386-linux-gnu/libibus-1.0.so.0.402.0
b10ff000-b1100000 rw-p 00044000 08:05 1182605    /usr/lib/i386-linux-gnu/libibus-1.0.so.0.402.0
b1100000-b11ff000 rw-p 00000000 00:00 0 
b11ff000-b1200000 ---p 00000000 00:00 0 
b1201000-b1206000 r--s 00030000 00:16 668615     /home/oted/.eclipse/org.eclipse.platform_3.8_155965261/plugins/org.eclipse.emf.common_2.7.0.v20120127-1122.jar
b1207000-b1208000 rw-p 00000000 00:00 0 
b1208000-b1214000 r-xp 00000000 08:05 1187644    /usr/lib/jni/libswt-atk-gtk-3836.so
b1214000-b1215000 r--p 0000b000 08:05 1187644    /usr/lib/jni/libswt-atk-gtk-3836.so
b1215000-b1216000 rw-p 0000c000 08:05 1187644    /usr/lib/jni/libswt-atk-gtk-3836.so
b1216000-b1219000 r--s 00017000 08:05 2763162    /usr/share/eclipse/plugins/org.eclipse.core.filebuffers_3.5.200.dist.jar
b1219000-b121f000 r--s 000ea000 00:16 671189     /home/oted/.eclipse/org.eclipse.platform_3.8_155965261/plugins/com.objectaid.uml.cls_1.1.2.jar
b121f000-b1225000 r-xp 00000000 08:05 1180192    /usr/lib/i386-linux-gnu/gtk-2.0/2.10.0/immodules/im-ibus.so
b1225000-b1226000 r--p 00005000 08:05 1180192    /usr/lib/i386-linux-gnu/gtk-2.0/2.10.0/immodules/im-ibus.so
b1226000-b1227000 rw-p 00006000 08:05 1180192    /usr/lib/i386-linux-gnu/gtk-2.0/2.10.0/immodules/im-ibus.so
b1227000-b1229000 r--s 00005000 00:16 1315674    /home/oted/.eclipse/org.eclipse.platform_3.8_155965261/configuration/org.eclipse.osgi/bundles/387/1/.cp/stan-asm-2.1.0.jar
b1229000-b122e000 r--s 00020000 00:16 1315678    /home/oted/.eclipse/org.eclipse.platform_3.8_155965261/configuration/org.eclipse.osgi/bundles/386/1/.cp/ithaka-digraph-1.0.jar
b122e000-b1239000 r--s 0006c000 00:16 668506     /home/oted/.eclipse/org.eclipse.platform_3.8_155965261/plugins/org.eclipse.cdt.dsf.gdb.ui_2.2.1.201202111925.jar
b1239000-b123c000 r--s 00011000 08:05 136903     /usr/share/eclipse/dropins/jdt/plugins/org.eclipse.jdt.core.manipulation_1.5.0.dist.jar
b123c000-b124a000 r--s 000ed000 00:16 671187     /home/oted/.eclipse/org.eclipse.platform_3.8_155965261/plugins/com.objectaid.uml_1.1.2.jar
b124a000-b1251000 r--s 00057000 00:16 659847     /home/oted/.eclipse/org.eclipse.platform_3.8_155965261/plugins/org.eclipse.emf.validation_1.4.0.v20100428-2315.jar
b1251000-b125a000 r--s 00056000 08:05 2763257    /usr/share/eclipse/plugins/org.eclipse.ui.navigator_3.5.200.dist.jar
b125a000-b125d000 r--s 0000f000 08:05 1313599    /usr/lib/eclipse/plugins/org.eclipse.equinox.util_1.0.400.dist.jar
b125d000-b1260000 ---p 00000000 00:00 0 
b1260000-b12af000 rw-p 00000000 00:00 0 
b12af000-b12b0000 rw-p 00000000 00:00 0 
b12b0000-b12b3000 r--s 00017000 08:05 1188407    /usr/lib/jvm/java-7-openjdk-i386/jre/lib/jce.jar
b12b3000-b12b7000 r--s 0004b000 00:16 671188     /home/oted/.eclipse/org.eclipse.platform_3.8_155965261/plugins/com.objectaid.uml.addon_1.1.2.jar
b12b7000-b12b9000 r--s 0000a000 00:16 1315673    /home/oted/.eclipse/org.eclipse.platform_3.8_155965261/configuration/org.eclipse.osgi/bundles/387/1/.cp/asm-4.0.jar
b12b9000-b12ba000 r-xp 00000000 08:05 1183356    /usr/lib/i386-linux-gnu/gdk-pixbuf-2.0/2.10.0/loaders/libpixbufloader-svg.so
b12ba000-b12bb000 r--p 00000000 08:05 1183356    /usr/lib/i386-linux-gnu/gdk-pixbuf-2.0/2.10.0/loaders/libpixbufloader-svg.so
b12bb000-b12bc000 rw-p 00001000 08:05 1183356    /usr/lib/i386-linux-gnu/gdk-pixbuf-2.0/2.10.0/loaders/libpixbufloader-svg.so
b12bc000-b12be000 r-xp 00000000 00:16 797770     /home/oted/.eclipse/org.eclipse.platform_3.8_155965261/configuration/org.eclipse.osgi/bundles/35/2/.cp/os/linux/x86/libunixfile_1_0_0.so
b12be000-b12bf000 r--p 00001000 00:16 797770     /home/oted/.eclipse/org.eclipse.platform_3.8_155965261/configuration/org.eclipse.osgi/bundles/35/2/.cp/os/linux/x86/libunixfile_1_0_0.so
b12bf000-b12c0000 rw-p 00002000 00:16 797770     /home/oted/.eclipse/org.eclipse.platform_3.8_155965261/configuration/org.eclipse.osgi/bundles/35/2/.cp/os/linux/x86/libunixfile_1_0_0.so
b12c0000-b12c2000 r--s 00013000 08:05 1313545    /usr/lib/eclipse/plugins/org.eclipse.core.contenttype_3.4.200.dist.jar
b12c2000-b12cd000 r--s 000b9000 08:05 2763079    /usr/share/eclipse/plugins/org.eclipse.core.resources_3.8.1.dist.jar
b12cd000-b12d4000 r--s 00046000 08:05 2763251    /usr/share/eclipse/plugins/org.eclipse.ltk.core.refactoring_3.6.0.dist.jar
b12d4000-b12d7000 r--s 00012000 08:05 2763102    /usr/share/eclipse/plugins/org.eclipse.ui.views_3.6.100.dist.jar
b12d7000-b12d8000 r--s 00001000 08:05 1312824    /usr/lib/eclipse/plugins/org.eclipse.core.filesystem.linux.x86_1.4.0.dist.jar
b12d8000-b12e8000 r--s 00111000 00:16 668578     /home/oted/.eclipse/org.eclipse.platform_3.8_155965261/plugins/org.eclipse.cdt.managedbuilder.core_8.0.2.201202111925.jar
b12e8000-b12ec000 r--s 00033000 00:16 668618     /home/oted/.eclipse/org.eclipse.platform_3.8_155965261/plugins/org.eclipse.emf.ecore.xmi_2.7.0.v20120127-1122.jar
b12ec000-b12f5000 r--s 0005e000 00:16 668576     /home/oted/.eclipse/org.eclipse.platform_3.8_155965261/plugins/org.eclipse.cdt.make.core_7.1.2.201202111925.jar
b12f5000-b12f9000 r-xp 00000000 08:05 1204300    /usr/lib/i386-linux-gnu/gdk-pixbuf-2.0/2.10.0/loaders/libpixbufloader-png.so
b12f9000-b12fa000 r--p 00003000 08:05 1204300    /usr/lib/i386-linux-gnu/gdk-pixbuf-2.0/2.10.0/loaders/libpixbufloader-png.so
b12fa000-b12fb000 rw-p 00004000 08:05 1204300    /usr/lib/i386-linux-gnu/gdk-pixbuf-2.0/2.10.0/loaders/libpixbufloader-png.so
b12fb000-b1308000 r-xp 00000000 08:05 1187639    /usr/lib/jni/libswt-cairo-gtk-3836.so
b1308000-b1309000 r--p 0000c000 08:05 1187639    /usr/lib/jni/libswt-cairo-gtk-3836.so
b1309000-b130a000 rw-p 0000d000 08:05 1187639    /usr/lib/jni/libswt-cairo-gtk-3836.so
b130a000-b1310000 r-xp 00000000 08:05 1204296    /usr/lib/i386-linux-gnu/gdk-pixbuf-2.0/2.10.0/loaders/libpixbufloader-gif.so
b1310000-b1311000 r--p 00005000 08:05 1204296    /usr/lib/i386-linux-gnu/gdk-pixbuf-2.0/2.10.0/loaders/libpixbufloader-gif.so
b1311000-b1312000 rw-p 00006000 08:05 1204296    /usr/lib/i386-linux-gnu/gdk-pixbuf-2.0/2.10.0/loaders/libpixbufloader-gif.so
b1312000-b1313000 r--p 00000000 00:00 0 
b1313000-b1365000 r--p 00000000 08:05 1980853    /usr/share/fonts/truetype/ttf-dejavu/DejaVuSansMono.ttf
b1365000-b13bc000 r--p 00000000 08:05 1968095    /usr/share/fonts/truetype/ubuntu-font-family/Ubuntu-R.ttf
b13bc000-b13be000 r-xp 00000000 08:05 1980830    /usr/lib/i386-linux-gnu/pango/1.8.0/modules/pango-basic-fc.so
b13be000-b13bf000 r--p 00002000 08:05 1980830    /usr/lib/i386-linux-gnu/pango/1.8.0/modules/pango-basic-fc.so
b13bf000-b13c0000 rw-p 00003000 08:05 1980830    /usr/lib/i386-linux-gnu/pango/1.8.0/modules/pango-basic-fc.so
b13c0000-b13c1000 r--s 00000000 08:05 1314348    /var/cache/fontconfig/c05880de57d1f5e948fdfacc138775d9-le32d4.cache-3
b13c1000-b13c7000 r--s 00000000 08:05 1314347    /var/cache/fontconfig/945677eb7aeaf62f1d50efc3fb3ec7d8-le32d4.cache-3
b13c7000-b13c9000 r--s 00000000 08:05 1311435    /var/cache/fontconfig/99e8ed0e538f840c565b6ed5dad60d56-le32d4.cache-3
b13c9000-b13cc000 r--s 00000000 08:05 1314344    /var/cache/fontconfig/2cd17615ca594fa2959ae173292e504c-le32d4.cache-3
b13cc000-b13cd000 r--s 00000000 08:05 1314343    /var/cache/fontconfig/e7071f4a29fa870f4323321c154eba04-le32d4.cache-3
b13cd000-b13ce000 r--s 00000000 08:05 1326733    /var/cache/fontconfig/617957603a337376ca8784972c6029f5-le32d4.cache-3
b13ce000-b13cf000 r--s 00000000 08:05 1314342    /var/cache/fontconfig/0d8c3b2ac0904cb8a57a757ad11a4a08-le32d4.cache-3
b13cf000-b13d3000 r--s 00000000 08:05 1314341    /var/cache/fontconfig/a755afe4a08bf5b97852ceb7400b47bc-le32d4.cache-3
b13d3000-b13da000 r--s 00000000 08:05 1313846    /var/cache/fontconfig/6d41288fd70b0be22e8c3a91e032eec0-le32d4.cache-3
b13da000-b13e5000 r--s 00000000 08:05 1318835    /var/cache/fontconfig/04aabc0a78ac019cf9454389977116d2-le32d4.cache-3
b13e5000-b13e6000 r--s 00000000 08:05 1314338    /var/cache/fontconfig/1ac9eb803944fde146138c791f5cc56a-le32d4.cache-3
b13e6000-b13e9000 r--s 00000000 08:05 1313639    /var/cache/fontconfig/385c0604a188198f04d133e54aba7fe7-le32d4.cache-3
b13e9000-b13ea000 r--s 00000000 08:05 1314336    /var/cache/fontconfig/dc05db6664285cc2f12bf69c139ae4c3-le32d4.cache-3
b13ea000-b13ec000 r--s 00000000 08:05 1314335    /var/cache/fontconfig/767a8244fc0220cfb567a839d0392e0b-le32d4.cache-3
b13ec000-b13ef000 r--s 00000000 08:05 1313637    /var/cache/fontconfig/8801497958630a81b71ace7c5f9b32a8-le32d4.cache-3
b13ef000-b13f3000 r--s 00000000 08:05 1314332    /var/cache/fontconfig/3047814df9a2f067bd2d96a2b9c36e5a-le32d4.cache-3
b13f3000-b1400000 r--s 00000000 08:05 1314328    /var/cache/fontconfig/d52a8644073d54c13679302ca1180695-le32d4.cache-3
b1400000-b148b000 rw-p 00000000 00:00 0 
b148b000-b1500000 ---p 00000000 00:00 0 
b1500000-b1501000 r--s 00000000 08:05 1312758    /var/cache/fontconfig/4794a0821666d79190d59a36cb4f44b5-le32d4.cache-3
b1501000-b1502000 r--s 00000000 08:05 1314331    /var/cache/fontconfig/56cf4f4769d0f4abc89a4895d7bd3ae1-le32d4.cache-3
b1502000-b1503000 r--s 00000000 08:05 1314330    /var/cache/fontconfig/b9d506c9ac06c20b433354fa67a72993-le32d4.cache-3
b1503000-b1507000 r--s 00000000 08:05 1313635    /var/cache/fontconfig/b47c4e1ecd0709278f4910c18777a504-le32d4.cache-3
b1507000-b1508000 r--s 00000000 08:05 1314326    /var/cache/fontconfig/0c9eb80ebd1c36541ebe2852d3bb0c49-le32d4.cache-3
b1508000-b151b000 r--s 00000000 08:05 1326730    /var/cache/fontconfig/e13b20fdb08344e0e664864cc2ede53d-le32d4.cache-3
b151b000-b1522000 r--s 00000000 08:05 1311028    /var/cache/fontconfig/8f02d4cb045bd6ce15663e43f347c9f8-le32d4.cache-3
b1522000-b1527000 r-xp 00000000 08:05 1184427    /usr/lib/i386-linux-gnu/libXtst.so.6.1.0
b1527000-b1528000 r--p 00004000 08:05 1184427    /usr/lib/i386-linux-gnu/libXtst.so.6.1.0
b1528000-b1529000 rw-p 00005000 08:05 1184427    /usr/lib/i386-linux-gnu/libXtst.so.6.1.0
b1529000-b152c000 r--s 00000000 08:05 1326732    /var/cache/fontconfig/7ef2298fde41cc6eeb7af42e48b7d293-le32d4.cache-3
b152c000-b152d000 r--s 00000000 08:05 1313475    /var/cache/fontconfig/16326683038b281783a0ef8c680e3a10-le32d4.cache-3
b152d000-b153e000 r--s 00000000 08:05 1310889    /var/cache/fontconfig/467c019e582ee353435ea5c21d137ef6-le32d4.cache-3
b153e000-b1542000 rwxp 00000000 00:00 0 
b1542000-b15ba000 r-xp 00000000 08:05 1187645    /usr/lib/jni/libswt-pi-gtk-3836.so
b15ba000-b15bb000 r--p 00077000 08:05 1187645    /usr/lib/jni/libswt-pi-gtk-3836.so
b15bb000-b15bc000 rw-p 00078000 08:05 1187645    /usr/lib/jni/libswt-pi-gtk-3836.so
b15bc000-b15bd000 rw-p 00000000 00:00 0 
b15bd000-b15c1000 r-xp 00000000 08:05 1187646    /usr/lib/jni/libswt-gtk-3836.so
b15c1000-b15c2000 r--p 00003000 08:05 1187646    /usr/lib/jni/libswt-gtk-3836.so
b15c2000-b15c3000 rw-p 00004000 08:05 1187646    /usr/lib/jni/libswt-gtk-3836.so
b15c3000-b15c4000 rw-p 00000000 00:00 0 
b15c4000-b1600000 r--s 005fe000 08:05 1589450    /usr/share/java/com.ibm.icu-4.4.jar
b1600000-b16fc000 rw-p 00000000 00:00 0 
b16fc000-b1700000 ---p 00000000 00:00 0 
b1700000-b1701000 r--s 00000000 08:05 1310919    /var/cache/fontconfig/e0aa53bcfa504e64f87823c16bc01eb6-le32d4.cache-3
b1701000-b1702000 r-xp 00000000 08:05 1188494    /usr/lib/i386-linux-gnu/libgthread-2.0.so.0.3600.0
b1702000-b1703000 r--p 00000000 08:05 1188494    /usr/lib/i386-linux-gnu/libgthread-2.0.so.0.3600.0
b1703000-b1704000 rw-p 00001000 08:05 1188494    /usr/lib/i386-linux-gnu/libgthread-2.0.so.0.3600.0
b1704000-b1705000 r--s 00004000 00:16 655815     /home/oted/.eclipse/org.eclipse.platform_3.8_155965261/plugins/de.odysseus.stan.eclipse.perspective_2.1.0.v20120917.jar
b1705000-b1707000 r--s 00004000 00:16 668495     /home/oted/.eclipse/org.eclipse.platform_3.8_155965261/plugins/org.eclipse.cdt.codan.ui.cxx_2.0.0.201202111925.jar
b1707000-b1708000 r--s 00006000 00:16 798224     /home/oted/.eclipse/org.eclipse.platform_3.8_155965261/configuration/org.eclipse.osgi/bundles/283/1/.cp/libs/manifmerger.jar
b1708000-b170c000 r--s 0001d000 00:16 668490     /home/oted/.eclipse/org.eclipse.platform_3.8_155965261/plugins/org.eclipse.cdt.codan.core_2.0.0.201202111925.jar
b170c000-b1722000 r--s 0018c000 08:05 1187640    /usr/lib/java/swt-gtk-3.8.2.jar
b1722000-b1736000 r--s 000ee000 08:05 1313484    /usr/lib/eclipse/plugins/org.eclipse.jface_3.8.0.dist.jar
b1736000-b1737000 r--s 00000000 08:05 2763145    /usr/share/eclipse/plugins/org.eclipse.ui.workbench.compatibility_3.2.101.dist/compatibility.jar
b1737000-b177d000 r--s 0039d000 08:05 1313180    /usr/lib/eclipse/plugins/org.eclipse.ui.workbench_3.8.1.dist.jar
b177d000-b177f000 r--s 0000b000 08:05 2761805    /usr/share/eclipse/plugins/org.eclipse.core.filesystem_1.3.200.dist.jar
b177f000-b1780000 r--s 00002000 00:16 798223     /home/oted/.eclipse/org.eclipse.platform_3.8_155965261/configuration/org.eclipse.osgi/bundles/283/1/.cp/libs/swtmenubar.jar
b1780000-b1784000 r--s 0001c000 08:05 2763151    /usr/share/eclipse/plugins/org.eclipse.ui.externaltools_3.2.100.dist.jar
b1784000-b1788000 r--s 00033000 00:16 668560     /home/oted/.eclipse/org.eclipse.platform_3.8_155965261/plugins/org.eclipse.cdt.launch_7.0.0.201202111925.jar
b1788000-b178a000 r--s 00004000 00:16 798219     /home/oted/.eclipse/org.eclipse.platform_3.8_155965261/configuration/org.eclipse.osgi/bundles/283/1/.cp/libs/asm-tree-4.0.jar
b178a000-b178b000 r--s 00002000 00:16 798222     /home/oted/.eclipse/org.eclipse.platform_3.8_155965261/configuration/org.eclipse.osgi/bundles/283/1/.cp/libs/ant-glob.jar
b178b000-b178d000 r--s 00012000 08:05 1313577    /usr/lib/eclipse/plugins/org.eclipse.core.expressions_3.4.400.dist.jar
b178d000-b178f000 r--s 00003000 00:16 668498     /home/oted/.eclipse/org.eclipse.platform_3.8_155965261/plugins/org.eclipse.cdt.core.linux.x86_5.2.0.201202111925.jar
b178f000-b1792000 ---p 00000000 00:00 0 
b1792000-b17e0000 rw-p 00000000 00:00 0          [stack:10999]
b17e0000-b17e1000 r--s 00002000 00:16 668497     /home/oted/.eclipse/org.eclipse.platform_3.8_155965261/plugins/org.eclipse.cdt.core.linux_5.2.0.201202111925.jar
b17e1000-b17e2000 r--s 0000c000 08:05 136901     /usr/share/eclipse/dropins/jdt/plugins/org.eclipse.jdt.compiler.tool_1.0.101.dist.jar
b17e2000-b17ec000 r--s 000b8000 08:05 1206092    /usr/lib/jvm/java-7-openjdk-i386/jre/lib/resources.jar
b17ec000-b17ef000 ---p 00000000 00:00 0 
b17ef000-b183d000 rw-p 00000000 00:00 0          [stack:10998]
b183d000-b1840000 ---p 00000000 00:00 0 
b1840000-b188e000 rw-p 00000000 00:00 0 
b188e000-b1891000 ---p 00000000 00:00 0 
b1891000-b18df000 rw-p 00000000 00:00 0          [stack:10996]
b18df000-b18e2000 ---p 00000000 00:00 0 
b18e2000-b1930000 rw-p 00000000 00:00 0          [stack:10995]
b1930000-b1933000 ---p 00000000 00:00 0 
b1933000-b1981000 rw-p 00000000 00:00 0          [stack:10994]
b1981000-b1984000 ---p 00000000 00:00 0 
b1984000-b19d2000 rw-p 00000000 00:00 0          [stack:10993]
b19d2000-b19e3000 r-xp 00000000 08:05 1188849    /usr/lib/jvm/java-7-openjdk-i386/jre/lib/i386/libnio.so
b19e3000-b19e4000 r--p 00010000 08:05 1188849    /usr/lib/jvm/java-7-openjdk-i386/jre/lib/i386/libnio.so
b19e4000-b19e5000 rw-p 00011000 08:05 1188849    /usr/lib/jvm/java-7-openjdk-i386/jre/lib/i386/libnio.so
b19e5000-b19fc000 r-xp 00000000 08:05 1190634    /usr/lib/jvm/java-7-openjdk-i386/jre/lib/i386/libnet.so
b19fc000-b19fd000 r--p 00016000 08:05 1190634    /usr/lib/jvm/java-7-openjdk-i386/jre/lib/i386/libnet.so
b19fd000-b19fe000 rw-p 00017000 08:05 1190634    /usr/lib/jvm/java-7-openjdk-i386/jre/lib/i386/libnet.so
b19fe000-b19ff000 ---p 00000000 00:00 0 
b19ff000-b1a7f000 rw-p 00000000 00:00 0          [stack:10991]
b1a7f000-b1a82000 ---p 00000000 00:00 0 
b1a82000-b1b00000 rw-p 00000000 00:00 0          [stack:10989]
b1b00000-b1bfe000 rw-p 00000000 00:00 0 
b1bfe000-b1c00000 ---p 00000000 00:00 0 
b1c00000-b1cfe000 rw-p 00000000 00:00 0 
b1cfe000-b1d00000 ---p 00000000 00:00 0 
b1d00000-b1d02000 r--s 0000a000 00:16 798217     /home/oted/.eclipse/org.eclipse.platform_3.8_155965261/configuration/org.eclipse.osgi/bundles/283/1/.cp/libs/asm-4.0.jar
b1d02000-b1d03000 r--s 00060000 00:16 655803     /home/oted/.eclipse/org.eclipse.platform_3.8_155965261/plugins/de.odysseus.stan.eclipse_2.1.0.v20120917.jar
b1d03000-b1d05000 r--s 00010000 00:16 655801     /home/oted/.eclipse/org.eclipse.platform_3.8_155965261/plugins/de.odysseus.stan.eclipse.asm_2.1.0.v20120917.jar
b1d05000-b1d07000 r--s 00011000 00:16 668489     /home/oted/.eclipse/org.eclipse.platform_3.8_155965261/plugins/org.eclipse.cdt.codan.checkers_1.0.1.201202111925.jar
b1d07000-b1d08000 r--s 00001000 08:05 2763149    /usr/share/eclipse/plugins/org.eclipse.core.runtime.compatibility.registry_3.5.100.dist/runtime_registry_compatibility.jar
b1d08000-b1d0b000 r--s 00028000 08:05 1313541    /usr/lib/eclipse/plugins/org.eclipse.equinox.registry_3.5.200.dist.jar
b1d0b000-b1d0d000 r--s 00009000 00:16 668493     /home/oted/.eclipse/org.eclipse.platform_3.8_155965261/plugins/org.eclipse.cdt.codan.core.cxx_1.0.0.201202111925.jar
b1d0d000-b1d10000 ---p 00000000 00:00 0 
b1d10000-b1d5e000 rw-p 00000000 00:00 0          [stack:10990]
b1d5e000-b1d61000 ---p 00000000 00:00 0 
b1d61000-b1daf000 rw-p 00000000 00:00 0          [stack:10988]
b1daf000-b1db2000 ---p 00000000 00:00 0 
b1db2000-b1e00000 rw-p 00000000 00:00 0          [stack:10987]
b1e00000-b1f00000 rw-p 00000000 00:00 0 
b1f00000-b1f01000 r--s 00006000 00:16 659893     /home/oted/.eclipse/org.eclipse.platform_3.8_155965261/plugins/org.eclipse.uml2.common.edit_1.5.0.v201005031530.jar
b1f01000-b1f05000 r--s 00051000 00:16 798215     /home/oted/.eclipse/org.eclipse.platform_3.8_155965261/configuration/org.eclipse.osgi/bundles/283/1/.cp/libs/lint_checks.jar
b1f05000-b1f07000 r--s 0000f000 08:05 1313543    /usr/lib/eclipse/plugins/org.eclipse.core.runtime_3.8.0.dist.jar
b1f07000-b1f0a000 r--s 00018000 00:16 798214     /home/oted/.eclipse/org.eclipse.platform_3.8_155965261/configuration/org.eclipse.osgi/bundles/283/1/.cp/libs/lint_api.jar
b1f0a000-b1f0d000 r--s 00016000 08:05 1313570    /usr/lib/eclipse/plugins/org.eclipse.equinox.common_3.6.100.dist.jar
b1f0d000-b1f0e000 r--s 00004000 00:16 798220     /home/oted/.eclipse/org.eclipse.platform_3.8_155965261/configuration/org.eclipse.osgi/bundles/283/1/.cp/libs/asm-analysis-4.0.jar
b1f0e000-b1f0f000 r--s 00000000 00:14 175618     /run/user/oted/dconf/user
b1f0f000-b1f23000 r--s 0013d000 08:05 1313621    /usr/lib/eclipse/plugins/org.eclipse.osgi_3.8.1.dist.jar
b1f23000-b1f28000 r--s 0004c000 08:05 1188405    /usr/lib/jvm/java-7-openjdk-i386/jre/lib/jsse.jar
b1f28000-b1f2a000 r--s 00006000 08:05 1586492    /usr/share/java/java-atk-wrapper.jar
b1f2a000-b1f2c000 r--s 0000f000 08:05 1194268    /usr/lib/jvm/java-7-openjdk-i386/jre/lib/ext/pulse-java.jar
b1f2c000-b1f30000 r--s 0003b000 08:05 1190700    /usr/lib/jvm/java-7-openjdk-i386/jre/lib/ext/sunpkcs11.jar
b1f30000-b1f34000 r--s 00085000 08:05 1190704    /usr/lib/jvm/java-7-openjdk-i386/jre/lib/ext/localedata.jar
b1f34000-b1f37000 ---p 00000000 00:00 0 
b1f37000-b1f85000 rw-p 00000000 00:00 0          [stack:10986]
b1f85000-b1f86000 ---p 00000000 00:00 0 
b1f86000-b204e000 rw-p 00000000 00:00 0          [stack:10985]
b204e000-b21fc000 r--s 01cf4000 08:05 1190690    /usr/lib/jvm/java-7-openjdk-i386/jre/lib/rt.jar
b21fc000-b2219000 rw-p 00000000 00:00 0 
b2219000-b2284000 rw-p 00000000 00:00 0 
b2284000-b229f000 rw-p 00000000 00:00 0 
b229f000-b2305000 rw-p 00000000 00:00 0 
b2305000-b2313000 rw-p 00000000 00:00 0 
b2313000-b2345000 rw-p 00000000 00:00 0 
b2345000-b2360000 rw-p 00000000 00:00 0 
b2360000-b23c5000 rw-p 00000000 00:00 0 
b23c5000-b23db000 rw-p 00000000 00:00 0 
b23db000-b2445000 rw-p 00000000 00:00 0 
b2445000-b246d000 rw-p 00000000 00:00 0 
b246d000-b24d1000 rw-p 00000000 00:00 0 
b24d1000-b2ba9000 rwxp 00000000 00:00 0 
b2ba9000-b44d1000 rw-p 00000000 00:00 0 
b44d1000-b44dc000 r-xp 00000000 08:05 2520333    /lib/i386-linux-gnu/libnss_files-2.17.so
b44dc000-b44dd000 r--p 0000a000 08:05 2520333    /lib/i386-linux-gnu/libnss_files-2.17.so
b44dd000-b44de000 rw-p 0000b000 08:05 2520333    /lib/i386-linux-gnu/libnss_files-2.17.so
b44de000-b44e8000 r-xp 00000000 08:05 2520344    /lib/i386-linux-gnu/libnss_nis-2.17.so
b44e8000-b44e9000 r--p 00009000 08:05 2520344    /lib/i386-linux-gnu/libnss_nis-2.17.so
b44e9000-b44ea000 rw-p 0000a000 08:05 2520344    /lib/i386-linux-gnu/libnss_nis-2.17.so
b44ea000-b44ff000 r-xp 00000000 08:05 2520330    /lib/i386-linux-gnu/libnsl-2.17.so
b44ff000-b4500000 r--p 00014000 08:05 2520330    /lib/i386-linux-gnu/libnsl-2.17.so
b4500000-b4501000 rw-p 00015000 08:05 2520330    /lib/i386-linux-gnu/libnsl-2.17.so
b4501000-b4503000 rw-p 00000000 00:00 0 
b4503000-b450a000 r-xp 00000000 08:05 2520334    /lib/i386-linux-gnu/libnss_compat-2.17.so
b450a000-b450b000 r--p 00006000 08:05 2520334    /lib/i386-linux-gnu/libnss_compat-2.17.so
b450b000-b450c000 rw-p 00007000 08:05 2520334    /lib/i386-linux-gnu/libnss_compat-2.17.so
b450c000-b450d000 r--s 0000a000 08:05 1313566    /usr/lib/eclipse/plugins/org.eclipse.equinox.launcher_1.3.0.dist.jar
b450d000-b4513000 rw-p 00000000 00:00 0 
b4513000-b451b000 r-xp 00000000 08:05 1188857    /usr/lib/jvm/java-7-openjdk-i386/jre/lib/i386/libzip.so
b451b000-b451c000 r--p 00007000 08:05 1188857    /usr/lib/jvm/java-7-openjdk-i386/jre/lib/i386/libzip.so
b451c000-b451d000 rw-p 00008000 08:05 1188857    /usr/lib/jvm/java-7-openjdk-i386/jre/lib/i386/libzip.so
b451d000-b4525000 rw-s 00000000 08:05 1338998    /tmp/hsperfdata_oted/10972
b4525000-b454c000 r-xp 00000000 08:05 1188537    /usr/lib/jvm/java-7-openjdk-i386/jre/lib/i386/libjava.so
b454c000-b454d000 r--p 00026000 08:05 1188537    /usr/lib/jvm/java-7-openjdk-i386/jre/lib/i386/libjava.so
b454d000-b454e000 rw-p 00027000 08:05 1188537    /usr/lib/jvm/java-7-openjdk-i386/jre/lib/i386/libjava.so
b454e000-b4b48000 r-xp 00000000 08:05 1188879    /usr/lib/jvm/java-7-openjdk-i386/jre/lib/i386/client/libjvm.so
b4b48000-b4b5f000 r--p 005fa000 08:05 1188879    /usr/lib/jvm/java-7-openjdk-i386/jre/lib/i386/client/libjvm.so
b4b5f000-b4b6d000 rw-p 00611000 08:05 1188879    /usr/lib/jvm/java-7-openjdk-i386/jre/lib/i386/client/libjvm.so
b4b6d000-b4f87000 rw-p 00000000 00:00 0 
b4f87000-b4fe7000 rw-s 00000000 00:04 36175880   /SYSV00000000 (deleted)
b4fe7000-b504a000 rw-p 00000000 00:00 0 
b504a000-b5067000 r--s 00000000 08:05 1577794    /usr/share/mime/mime.cache
b5067000-b506d000 r-xp 00000000 08:05 1184909    /usr/lib/i386-linux-gnu/libogg.so.0.8.0
b506d000-b506e000 r--p 00005000 08:05 1184909    /usr/lib/i386-linux-gnu/libogg.so.0.8.0
b506e000-b506f000 rw-p 00006000 08:05 1184909    /usr/lib/i386-linux-gnu/libogg.so.0.8.0
b506f000-b5098000 r-xp 00000000 08:05 1185115    /usr/lib/i386-linux-gnu/libvorbis.so.0.4.5
b5098000-b5099000 ---p 00029000 08:05 1185115    /usr/lib/i386-linux-gnu/libvorbis.so.0.4.5
b5099000-b509a000 r--p 00029000 08:05 1185115    /usr/lib/i386-linux-gnu/libvorbis.so.0.4.5
b509a000-b509b000 rw-p 0002a000 08:05 1185115    /usr/lib/i386-linux-gnu/libvorbis.so.0.4.5
b509b000-b50a4000 r-xp 00000000 08:05 1184456    /usr/lib/i386-linux-gnu/libltdl.so.7.3.0
b50a4000-b50a5000 r--p 00008000 08:05 1184456    /usr/lib/i386-linux-gnu/libltdl.so.7.3.0
b50a5000-b50a6000 rw-p 00009000 08:05 1184456    /usr/lib/i386-linux-gnu/libltdl.so.7.3.0
b50a6000-b50b7000 r-xp 00000000 08:05 1185039    /usr/lib/i386-linux-gnu/libtdb.so.1.2.10
b50b7000-b50b8000 r--p 00010000 08:05 1185039    /usr/lib/i386-linux-gnu/libtdb.so.1.2.10
b50b8000-b50b9000 rw-p 00011000 08:05 1185039    /usr/lib/i386-linux-gnu/libtdb.so.1.2.10
b50b9000-b50c1000 r-xp 00000000 08:05 1185119    /usr/lib/i386-linux-gnu/libvorbisfile.so.3.3.4
b50c1000-b50c2000 r--p 00007000 08:05 1185119    /usr/lib/i386-linux-gnu/libvorbisfile.so.3.3.4
b50c2000-b50c3000 rw-p 00008000 08:05 1185119    /usr/lib/i386-linux-gnu/libvorbisfile.so.3.3.4
b50c3000-b50d2000 r-xp 00000000 08:05 1182280    /usr/lib/i386-linux-gnu/libcanberra.so.0.2.5
b50d2000-b50d3000 r--p 0000e000 08:05 1182280    /usr/lib/i386-linux-gnu/libcanberra.so.0.2.5
b50d3000-b50d4000 rw-p 0000f000 08:05 1182280    /usr/lib/i386-linux-gnu/libcanberra.so.0.2.5
b50d4000-b50d7000 r--s 00032000 08:05 1190708    /usr/lib/jvm/java-7-openjdk-i386/jre/lib/ext/sunjce_provider.jar
b50d7000-b50d9000 r--s 00012000 08:05 1190724    /usr/lib/jvm/java-7-openjdk-i386/jre/lib/ext/zipfs.jar
b50d9000-b50e6000 r-xp 00000000 08:05 1190618    /usr/lib/jvm/java-7-openjdk-i386/jre/lib/i386/libverify.so
b50e6000-b50e7000 r--p 0000d000 08:05 1190618    /usr/lib/jvm/java-7-openjdk-i386/jre/lib/i386/libverify.so
b50e7000-b50e8000 rw-p 0000e000 08:05 1190618    /usr/lib/jvm/java-7-openjdk-i386/jre/lib/i386/libverify.so
b50e8000-b50eb000 r-xp 00000000 08:05 1187491    /usr/lib/i386-linux-gnu/gdk-pixbuf-2.0/2.10.0/loaders/libpixbufloader-bmp.so
b50eb000-b50ec000 r--p 00002000 08:05 1187491    /usr/lib/i386-linux-gnu/gdk-pixbuf-2.0/2.10.0/loaders/libpixbufloader-bmp.so
b50ec000-b50ed000 rw-p 00003000 08:05 1187491    /usr/lib/i386-linux-gnu/gdk-pixbuf-2.0/2.10.0/loaders/libpixbufloader-bmp.so
b50ed000-b50f2000 r-xp 00000000 08:05 1186507    /usr/lib/i386-linux-gnu/gtk-2.0/modules/libcanberra-gtk-module.so
b50f2000-b50f3000 r--p 00004000 08:05 1186507    /usr/lib/i386-linux-gnu/gtk-2.0/modules/libcanberra-gtk-module.so
b50f3000-b50f4000 rw-p 00005000 08:05 1186507    /usr/lib/i386-linux-gnu/gtk-2.0/modules/libcanberra-gtk-module.so
b50f4000-b5129000 r-xp 00000000 08:05 1185877    /usr/lib/i386-linux-gnu/gtk-2.0/2.10.0/engines/libmurrine.so
b5129000-b512a000 r--p 00034000 08:05 1185877    /usr/lib/i386-linux-gnu/gtk-2.0/2.10.0/engines/libmurrine.so
b512a000-b512b000 rw-p 00035000 08:05 1185877    /usr/lib/i386-linux-gnu/gtk-2.0/2.10.0/engines/libmurrine.so
b512b000-b5149000 r-xp 00000000 08:05 1191655    /usr/lib/i386-linux-gnu/libatk-1.0.so.0.20809.1
b5149000-b514b000 r--p 0001d000 08:05 1191655    /usr/lib/i386-linux-gnu/libatk-1.0.so.0.20809.1
b514b000-b514c000 rw-p 0001f000 08:05 1191655    /usr/lib/i386-linux-gnu/libatk-1.0.so.0.20809.1
b514c000-b55ad000 r-xp 00000000 08:05 1192212    /usr/lib/i386-linux-gnu/libgtk-x11-2.0.so.0.2400.17
b55ad000-b55b1000 r--p 00461000 08:05 1192212    /usr/lib/i386-linux-gnu/libgtk-x11-2.0.so.0.2400.17
b55b1000-b55b3000 rw-p 00465000 08:05 1192212    /usr/lib/i386-linux-gnu/libgtk-x11-2.0.so.0.2400.17
b55b3000-b55b5000 rw-p 00000000 00:00 0 
b55b5000-b6724000 r-xp 00000000 08:05 1181505    /usr/lib/i386-linux-gnu/libicudata.so.48.1.1
b6724000-b6725000 r--p 0116e000 08:05 1181505    /usr/lib/i386-linux-gnu/libicudata.so.48.1.1
b6725000-b6726000 rw-p 0116f000 08:05 1181505    /usr/lib/i386-linux-gnu/libicudata.so.48.1.1
b6726000-b6741000 r-xp 00000000 08:05 2491071    /lib/i386-linux-gnu/libgcc_s.so.1
b6741000-b6742000 r--p 0001a000 08:05 2491071    /lib/i386-linux-gnu/libgcc_s.so.1
b6742000-b6743000 rw-p 0001b000 08:05 2491071    /lib/i386-linux-gnu/libgcc_s.so.1
b6743000-b681f000 r-xp 00000000 08:05 1179999    /usr/lib/i386-linux-gnu/libstdc++.so.6.0.17
b681f000-b6820000 ---p 000dc000 08:05 1179999    /usr/lib/i386-linux-gnu/libstdc++.so.6.0.17
b6820000-b6824000 r--p 000dc000 08:05 1179999    /usr/lib/i386-linux-gnu/libstdc++.so.6.0.17
b6824000-b6825000 rw-p 000e0000 08:05 1179999    /usr/lib/i386-linux-gnu/libstdc++.so.6.0.17
b6825000-b682c000 rw-p 00000000 00:00 0 
b682c000-b6982000 r-xp 00000000 08:05 1181496    /usr/lib/i386-linux-gnu/libicuuc.so.48.1.1
b6982000-b698c000 r--p 00155000 08:05 1181496    /usr/lib/i386-linux-gnu/libicuuc.so.48.1.1
b698c000-b698d000 rw-p 0015f000 08:05 1181496    /usr/lib/i386-linux-gnu/libicuuc.so.48.1.1
b698d000-b6991000 rw-p 00000000 00:00 0 
b6991000-b69c4000 r-xp 00000000 08:05 1181502    /usr/lib/i386-linux-gnu/libicule.so.48.1.1
b69c4000-b69c5000 ---p 00033000 08:05 1181502    /usr/lib/i386-linux-gnu/libicule.so.48.1.1
b69c5000-b69c6000 r--p 00033000 08:05 1181502    /usr/lib/i386-linux-gnu/libicule.so.48.1.1
b69c6000-b69c7000 rw-p 00034000 08:05 1181502    /usr/lib/i386-linux-gnu/libicule.so.48.1.1
b69c7000-b69cc000 r-xp 00000000 08:05 1184404    /usr/lib/i386-linux-gnu/libXdmcp.so.6.0.0
b69cc000-b69cd000 r--p 00004000 08:05 1184404    /usr/lib/i386-linux-gnu/libXdmcp.so.6.0.0
b69cd000-b69ce000 rw-p 00005000 08:05 1184404    /usr/lib/i386-linux-gnu/libXdmcp.so.6.0.0
b69ce000-b69d0000 r-xp 00000000 08:05 1184393    /usr/lib/i386-linux-gnu/libXau.so.6.0.0
b69d0000-b69d1000 r--p 00001000 08:05 1184393    /usr/lib/i386-linux-gnu/libXau.so.6.0.0
b69d1000-b69d2000 rw-p 00002000 08:05 1184393    /usr/lib/i386-linux-gnu/libXau.so.6.0.0
b69d2000-b6a6a000 r-xp 00000000 08:05 1180058    /usr/lib/i386-linux-gnu/libharfbuzz.so.0.913.0
b6a6a000-b6a6b000 ---p 00098000 08:05 1180058    /usr/lib/i386-linux-gnu/libharfbuzz.so.0.913.0
b6a6b000-b6a6c000 r--p 00098000 08:05 1180058    /usr/lib/i386-linux-gnu/libharfbuzz.so.0.913.0
b6a6c000-b6a6d000 rw-p 00099000 08:05 1180058    /usr/lib/i386-linux-gnu/libharfbuzz.so.0.913.0
b6a6d000-b6a74000 r-xp 00000000 08:05 2520343    /lib/i386-linux-gnu/librt-2.17.so
b6a74000-b6a75000 r--p 00006000 08:05 2520343    /lib/i386-linux-gnu/librt-2.17.so
b6a75000-b6a76000 rw-p 00007000 08:05 2520343    /lib/i386-linux-gnu/librt-2.17.so
b6a76000-b6a96000 r-xp 00000000 08:05 1187451    /usr/lib/i386-linux-gnu/libxcb.so.1.1.0
b6a96000-b6a97000 r--p 0001f000 08:05 1187451    /usr/lib/i386-linux-gnu/libxcb.so.1.1.0
b6a97000-b6a98000 rw-p 00020000 08:05 1187451    /usr/lib/i386-linux-gnu/libxcb.so.1.1.0
b6a98000-b6aa0000 r-xp 00000000 08:05 1193780    /usr/lib/i386-linux-gnu/libxcb-render.so.0.0.0
b6aa0000-b6aa1000 r--p 00008000 08:05 1193780    /usr/lib/i386-linux-gnu/libxcb-render.so.0.0.0
b6aa1000-b6aa2000 rw-p 00009000 08:05 1193780    /usr/lib/i386-linux-gnu/libxcb-render.so.0.0.0
b6aa2000-b6aa4000 r-xp 00000000 08:05 1193784    /usr/lib/i386-linux-gnu/libxcb-shm.so.0.0.0
b6aa4000-b6aa5000 r--p 00001000 08:05 1193784    /usr/lib/i386-linux-gnu/libxcb-shm.so.0.0.0
b6aa5000-b6aa6000 rw-p 00002000 08:05 1193784    /usr/lib/i386-linux-gnu/libxcb-shm.so.0.0.0
b6aa6000-b6acd000 r-xp 00000000 08:05 2491048    /lib/i386-linux-gnu/libpng12.so.0.49.0
b6acd000-b6ace000 r--p 00026000 08:05 2491048    /lib/i386-linux-gnu/libpng12.so.0.49.0
b6ace000-b6acf000 rw-p 00027000 08:05 2491048    /lib/i386-linux-gnu/libpng12.so.0.49.0
b6acf000-b6b63000 r-xp 00000000 08:05 1227849    /usr/lib/i386-linux-gnu/libpixman-1.so.0.28.2
b6b63000-b6b68000 r--p 00093000 08:05 1227849    /usr/lib/i386-linux-gnu/libpixman-1.so.0.28.2
b6b68000-b6b69000 rw-p 00098000 08:05 1227849    /usr/lib/i386-linux-gnu/libpixman-1.so.0.28.2
b6b69000-b6b8e000 r-xp 00000000 08:05 2491042    /lib/i386-linux-gnu/libexpat.so.1.6.0
b6b8e000-b6b90000 r--p 00025000 08:05 2491042    /lib/i386-linux-gnu/libexpat.so.1.6.0
b6b90000-b6b91000 rw-p 00027000 08:05 2491042    /lib/i386-linux-gnu/libexpat.so.1.6.0
b6b91000-b6ba4000 r-xp 00000000 08:05 2520332    /lib/i386-linux-gnu/libresolv-2.17.so
b6ba4000-b6ba5000 r--p 00013000 08:05 2520332    /lib/i386-linux-gnu/libresolv-2.17.so
b6ba5000-b6ba6000 rw-p 00014000 08:05 2520332    /lib/i386-linux-gnu/libresolv-2.17.so
b6ba6000-b6ba8000 rw-p 00000000 00:00 0 
b6ba8000-b6bc5000 r-xp 00000000 08:05 2491168    /lib/i386-linux-gnu/libselinux.so.1
b6bc5000-b6bc6000 r--p 0001c000 08:05 2491168    /lib/i386-linux-gnu/libselinux.so.1
b6bc6000-b6bc7000 rw-p 0001d000 08:05 2491168    /lib/i386-linux-gnu/libselinux.so.1
b6bc7000-b6bde000 r-xp 00000000 08:05 2491044    /lib/i386-linux-gnu/libz.so.1.2.7
b6bde000-b6bdf000 r--p 00016000 08:05 2491044    /lib/i386-linux-gnu/libz.so.1.2.7
b6bdf000-b6be0000 rw-p 00017000 08:05 2491044    /lib/i386-linux-gnu/libz.so.1.2.7
b6be0000-b6be3000 r-xp 00000000 08:05 1180714    /usr/lib/i386-linux-gnu/libgmodule-2.0.so.0.3600.0
b6be3000-b6be4000 r--p 00002000 08:05 1180714    /usr/lib/i386-linux-gnu/libgmodule-2.0.so.0.3600.0
b6be4000-b6be5000 rw-p 00003000 08:05 1180714    /usr/lib/i386-linux-gnu/libgmodule-2.0.so.0.3600.0
b6be5000-b6c7b000 r-xp 00000000 08:05 1200162    /usr/lib/i386-linux-gnu/libfreetype.so.6.10.0
b6c7b000-b6c7f000 r--p 00095000 08:05 1200162    /usr/lib/i386-linux-gnu/libfreetype.so.6.10.0
b6c7f000-b6c80000 rw-p 00099000 08:05 1200162    /usr/lib/i386-linux-gnu/libfreetype.so.6.10.0
b6c80000-b6c92000 r-xp 00000000 08:05 1183304    /usr/lib/i386-linux-gnu/libpangoft2-1.0.so.0.3200.5
b6c92000-b6c93000 r--p 00011000 08:05 1183304    /usr/lib/i386-linux-gnu/libpangoft2-1.0.so.0.3200.5
b6c93000-b6c94000 rw-p 00012000 08:05 1183304    /usr/lib/i386-linux-gnu/libpangoft2-1.0.so.0.3200.5
b6c94000-b6cd5000 r-xp 00000000 08:05 2520340    /lib/i386-linux-gnu/libm-2.17.so
b6cd5000-b6cd6000 r--p 00040000 08:05 2520340    /lib/i386-linux-gnu/libm-2.17.so
b6cd6000-b6cd7000 rw-p 00041000 08:05 2520340    /lib/i386-linux-gnu/libm-2.17.so
b6cd7000-b6ce7000 r-xp 00000000 08:05 1187473    /usr/lib/i386-linux-gnu/libXext.so.6.4.0
b6ce7000-b6ce8000 r--p 0000f000 08:05 1187473    /usr/lib/i386-linux-gnu/libXext.so.6.4.0
b6ce8000-b6ce9000 rw-p 00010000 08:05 1187473    /usr/lib/i386-linux-gnu/libXext.so.6.4.0
b6ce9000-b6e1c000 r-xp 00000000 08:05 1185145    /usr/lib/i386-linux-gnu/libX11.so.6.3.0
b6e1c000-b6e1d000 r--p 00132000 08:05 1185145    /usr/lib/i386-linux-gnu/libX11.so.6.3.0
b6e1d000-b6e20000 rw-p 00133000 08:05 1185145    /usr/lib/i386-linux-gnu/libX11.so.6.3.0
b6e20000-b6f33000 r-xp 00000000 08:05 1185141    /usr/lib/i386-linux-gnu/libcairo.so.2.11200.14
b6f33000-b6f35000 r--p 00113000 08:05 1185141    /usr/lib/i386-linux-gnu/libcairo.so.2.11200.14
b6f35000-b6f36000 rw-p 00115000 08:05 1185141    /usr/lib/i386-linux-gnu/libcairo.so.2.11200.14
b6f36000-b6f37000 rw-p 00000000 00:00 0 
b6f37000-b6f3c000 r-xp 00000000 08:05 1184405    /usr/lib/i386-linux-gnu/libXfixes.so.3.1.0
b6f3c000-b6f3d000 r--p 00004000 08:05 1184405    /usr/lib/i386-linux-gnu/libXfixes.so.3.1.0
b6f3d000-b6f3e000 rw-p 00005000 08:05 1184405    /usr/lib/i386-linux-gnu/libXfixes.so.3.1.0
b6f3e000-b6f40000 r-xp 00000000 08:05 1184402    /usr/lib/i386-linux-gnu/libXdamage.so.1.1.0
b6f40000-b6f41000 r--p 00001000 08:05 1184402    /usr/lib/i386-linux-gnu/libXdamage.so.1.1.0
b6f41000-b6f42000 rw-p 00002000 08:05 1184402    /usr/lib/i386-linux-gnu/libXdamage.so.1.1.0
b6f42000-b6f44000 r-xp 00000000 08:05 1184398    /usr/lib/i386-linux-gnu/libXcomposite.so.1.0.0
b6f44000-b6f45000 r--p 00001000 08:05 1184398    /usr/lib/i386-linux-gnu/libXcomposite.so.1.0.0
b6f45000-b6f46000 rw-p 00002000 08:05 1184398    /usr/lib/i386-linux-gnu/libXcomposite.so.1.0.0
b6f46000-b6f4f000 r-xp 00000000 08:05 1193927    /usr/lib/i386-linux-gnu/libXcursor.so.1.0.2
b6f4f000-b6f50000 r--p 00008000 08:05 1193927    /usr/lib/i386-linux-gnu/libXcursor.so.1.0.2
b6f50000-b6f51000 rw-p 00009000 08:05 1193927    /usr/lib/i386-linux-gnu/libXcursor.so.1.0.2
b6f51000-b6f5a000 r-xp 00000000 08:05 1184425    /usr/lib/i386-linux-gnu/libXrandr.so.2.2.0
b6f5a000-b6f5b000 r--p 00008000 08:05 1184425    /usr/lib/i386-linux-gnu/libXrandr.so.2.2.0
b6f5b000-b6f5c000 rw-p 00009000 08:05 1184425    /usr/lib/i386-linux-gnu/libXrandr.so.2.2.0
b6f5c000-b6f6a000 r-xp 00000000 08:05 1184399    /usr/lib/i386-linux-gnu/libXi.so.6.1.0
b6f6a000-b6f6b000 r--p 0000d000 08:05 1184399    /usr/lib/i386-linux-gnu/libXi.so.6.1.0
b6f6b000-b6f6c000 rw-p 0000e000 08:05 1184399    /usr/lib/i386-linux-gnu/libXi.so.6.1.0
b6f6c000-b6f6e000 r-xp 00000000 08:05 1191668    /usr/lib/i386-linux-gnu/libXinerama.so.1.0.0
b6f6e000-b6f6f000 r--p 00001000 08:05 1191668    /usr/lib/i386-linux-gnu/libXinerama.so.1.0.0
b6f6f000-b6f70000 rw-p 00002000 08:05 1191668    /usr/lib/i386-linux-gnu/libXinerama.so.1.0.0
b6f70000-b6f78000 r-xp 00000000 08:05 1184407    /usr/lib/i386-linux-gnu/libXrender.so.1.3.0
b6f78000-b6f79000 r--p 00008000 08:05 1184407    /usr/lib/i386-linux-gnu/libXrender.so.1.3.0
b6f79000-b6f7a000 rw-p 00009000 08:05 1184407    /usr/lib/i386-linux-gnu/libXrender.so.1.3.0
b6f7a000-b6fb1000 r-xp 00000000 08:05 1180019    /usr/lib/i386-linux-gnu/libfontconfig.so.1.6.2
b6fb1000-b6fb2000 r--p 00036000 08:05 1180019    /usr/lib/i386-linux-gnu/libfontconfig.so.1.6.2
b6fb2000-b6fb3000 rw-p 00037000 08:05 1180019    /usr/lib/i386-linux-gnu/libfontconfig.so.1.6.2
b6fb3000-b7113000 r-xp 00000000 08:05 1180723    /usr/lib/i386-linux-gnu/libgio-2.0.so.0.3600.0
b7113000-b7115000 r--p 00160000 08:05 1180723    /usr/lib/i386-linux-gnu/libgio-2.0.so.0.3600.0
b7115000-b7116000 rw-p 00162000 08:05 1180723    /usr/lib/i386-linux-gnu/libgio-2.0.so.0.3600.0
b7116000-b7117000 rw-p 00000000 00:00 0 
b7117000-b7137000 r-xp 00000000 08:05 1187483    /usr/lib/i386-linux-gnu/libgdk_pixbuf-2.0.so.0.2800.0
b7137000-b7138000 ---p 00020000 08:05 1187483    /usr/lib/i386-linux-gnu/libgdk_pixbuf-2.0.so.0.2800.0
b7138000-b7139000 r--p 00020000 08:05 1187483    /usr/lib/i386-linux-gnu/libgdk_pixbuf-2.0.so.0.2800.0
b7139000-b713a000 rw-p 00021000 08:05 1187483    /usr/lib/i386-linux-gnu/libgdk_pixbuf-2.0.so.0.2800.0
b713a000-b7183000 r-xp 00000000 08:05 1205894    /usr/lib/i386-linux-gnu/libpango-1.0.so.0.3200.5
b7183000-b7184000 r--p 00049000 08:05 1205894    /usr/lib/i386-linux-gnu/libpango-1.0.so.0.3200.5
b7184000-b7185000 rw-p 0004a000 08:05 1205894    /usr/lib/i386-linux-gnu/libpango-1.0.so.0.3200.5
b7185000-b7190000 r-xp 00000000 08:05 1205893    /usr/lib/i386-linux-gnu/libpangocairo-1.0.so.0.3200.5
b7190000-b7191000 r--p 0000a000 08:05 1205893    /usr/lib/i386-linux-gnu/libpangocairo-1.0.so.0.3200.5
b7191000-b7192000 rw-p 0000b000 08:05 1205893    /usr/lib/i386-linux-gnu/libpangocairo-1.0.so.0.3200.5
b7192000-b723d000 r-xp 00000000 08:05 1192196    /usr/lib/i386-linux-gnu/libgdk-x11-2.0.so.0.2400.17
b723d000-b723f000 r--p 000ab000 08:05 1192196    /usr/lib/i386-linux-gnu/libgdk-x11-2.0.so.0.2400.17
b723f000-b7240000 rw-p 000ad000 08:05 1192196    /usr/lib/i386-linux-gnu/libgdk-x11-2.0.so.0.2400.17
b7240000-b727f000 r-xp 00000000 08:05 2491204    /lib/i386-linux-gnu/libpcre.so.3.13.1
b727f000-b7280000 r--p 0003f000 08:05 2491204    /lib/i386-linux-gnu/libpcre.so.3.13.1
b7280000-b7281000 rw-p 00040000 08:05 2491204    /lib/i386-linux-gnu/libpcre.so.3.13.1
b7281000-b7380000 r-xp 00000000 08:05 2490400    /lib/i386-linux-gnu/libglib-2.0.so.0.3600.0
b7380000-b7381000 r--p 000fe000 08:05 2490400    /lib/i386-linux-gnu/libglib-2.0.so.0.3600.0
b7381000-b7382000 rw-p 000ff000 08:05 2490400    /lib/i386-linux-gnu/libglib-2.0.so.0.3600.0
b7382000-b73d0000 r-xp 00000000 08:05 1188492    /usr/lib/i386-linux-gnu/libgobject-2.0.so.0.3600.0
b73d0000-b73d1000 r--p 0004d000 08:05 1188492    /usr/lib/i386-linux-gnu/libgobject-2.0.so.0.3600.0
b73d1000-b73d2000 rw-p 0004e000 08:05 1188492    /usr/lib/i386-linux-gnu/libgobject-2.0.so.0.3600.0
b73d2000-b73d6000 r-xp 00000000 08:05 1183148    /usr/lib/i386-linux-gnu/libcanberra-gtk.so.0.1.9
b73d6000-b73d7000 r--p 00003000 08:05 1183148    /usr/lib/i386-linux-gnu/libcanberra-gtk.so.0.1.9
b73d7000-b73d8000 rw-p 00004000 08:05 1183148    /usr/lib/i386-linux-gnu/libcanberra-gtk.so.0.1.9
b73d8000-b73e9000 r-xp 00000000 08:05 1180284    /usr/lib/i386-linux-gnu/gtk-2.0/modules/liboverlay-scrollbar.so
b73e9000-b73ea000 r--p 00010000 08:05 1180284    /usr/lib/i386-linux-gnu/gtk-2.0/modules/liboverlay-scrollbar.so
b73ea000-b73eb000 rw-p 00011000 08:05 1180284    /usr/lib/i386-linux-gnu/gtk-2.0/modules/liboverlay-scrollbar.so
b73eb000-b75eb000 r--p 00000000 08:05 1181525    /usr/lib/locale/locale-archive
b75eb000-b75ec000 rw-p 00000000 00:00 0 
b75ec000-b779a000 r-xp 00000000 08:05 2520341    /lib/i386-linux-gnu/libc-2.17.so
b779a000-b779c000 r--p 001ae000 08:05 2520341    /lib/i386-linux-gnu/libc-2.17.so
b779c000-b779d000 rw-p 001b0000 08:05 2520341    /lib/i386-linux-gnu/libc-2.17.so
b779d000-b77a1000 rw-p 00000000 00:00 0 
b77a1000-b77a4000 r-xp 00000000 08:05 2520346    /lib/i386-linux-gnu/libdl-2.17.so
b77a4000-b77a5000 r--p 00002000 08:05 2520346    /lib/i386-linux-gnu/libdl-2.17.so
b77a5000-b77a6000 rw-p 00003000 08:05 2520346    /lib/i386-linux-gnu/libdl-2.17.so
b77a6000-b77bd000 r-xp 00000000 08:05 2520339    /lib/i386-linux-gnu/libpthread-2.17.so
b77bd000-b77be000 r--p 00016000 08:05 2520339    /lib/i386-linux-gnu/libpthread-2.17.so
b77be000-b77bf000 rw-p 00017000 08:05 2520339    /lib/i386-linux-gnu/libpthread-2.17.so
b77bf000-b77c1000 rw-p 00000000 00:00 0 
b77c1000-b77c2000 r--s 00002000 08:05 1190716    /usr/lib/jvm/java-7-openjdk-i386/jre/lib/ext/dnsns.jar
b77c2000-b77c3000 rw-p 00000000 00:00 0 
b77c3000-b77c4000 r--p 00000000 00:00 0 
b77c4000-b77c9000 r-xp 00000000 08:05 1179881    /usr/lib/i386-linux-gnu/libffi.so.6.0.1
b77c9000-b77ca000 r--p 00005000 08:05 1179881    /usr/lib/i386-linux-gnu/libffi.so.6.0.1
b77ca000-b77cb000 rw-p 00006000 08:05 1179881    /usr/lib/i386-linux-gnu/libffi.so.6.0.1
b77cb000-b77d7000 r-xp 00000000 08:05 1313592    /usr/lib/eclipse/plugins/org.eclipse.equinox.launcher.gtk.linux.x86_1.1.200.dist/eclipse_1503.so
b77d7000-b77d8000 r--p 0000b000 08:05 1313592    /usr/lib/eclipse/plugins/org.eclipse.equinox.launcher.gtk.linux.x86_1.1.200.dist/eclipse_1503.so
b77d8000-b77d9000 rw-p 0000c000 08:05 1313592    /usr/lib/eclipse/plugins/org.eclipse.equinox.launcher.gtk.linux.x86_1.1.200.dist/eclipse_1503.so
b77d9000-b77da000 r--p 002c5000 08:05 1181525    /usr/lib/locale/locale-archive
b77da000-b77dc000 rw-p 00000000 00:00 0 
b77dc000-b77dd000 r-xp 00000000 00:00 0          [vdso]
b77dd000-b77fd000 r-xp 00000000 08:05 2520342    /lib/i386-linux-gnu/ld-2.17.so
b77fd000-b77fe000 r--p 0001f000 08:05 2520342    /lib/i386-linux-gnu/ld-2.17.so
b77fe000-b77ff000 rw-p 00020000 08:05 2520342    /lib/i386-linux-gnu/ld-2.17.so
bff6e000-bff71000 ---p 00000000 00:00 0 
bff72000-bffbe000 rw-p 00000000 00:00 0          [stack]

VM Arguments:
jvm_args: -Xms40m -Xmx384m -Dorg.eclipse.equinox.p2.reconciler.dropins.directory=/usr/share/eclipse/dropins -XX:MaxPermSize=256m 
java_command: <unknown>
Launcher Type: generic

Environment Variables:
PATH=/home/oted/.rvm/gems/ruby-2.0.0-p247@railstutorial_rails_4_0/bin:/home/oted/.rvm/gems/ruby-2.0.0-p247@global/bin:/home/oted/.rvm/rubies/ruby-2.0.0-p247/bin:/home/oted/.rvm/bin:/usr/lib/lightdm/lightdm:/usr/local/sbin:/usr/local/bin:/usr/sbin:/usr/bin:/sbin:/bin:/usr/games:/usr/local/games
LD_LIBRARY_PATH=/usr/lib/jvm/java-7-openjdk-i386/jre/lib/i386/client:/usr/lib/jvm/java-7-openjdk-i386/jre/lib/i386:
SHELL=/bin/zsh
DISPLAY=:0

Signal Handlers:
SIGSEGV: [libjvm.so+0x4d41e0], sa_mask[0]=0x7ffbfeff, sa_flags=0x10000004
SIGBUS: [libjvm.so+0x4d41e0], sa_mask[0]=0x7ffbfeff, sa_flags=0x10000004
SIGFPE: [libjvm.so+0x3b69e0], sa_mask[0]=0x7ffbfeff, sa_flags=0x10000004
SIGPIPE: SIG_IGN, sa_mask[0]=0x00001000, sa_flags=0x10000000
SIGXFSZ: [libjvm.so+0x3b69e0], sa_mask[0]=0x7ffbfeff, sa_flags=0x10000004
SIGILL: [libjvm.so+0x3b69e0], sa_mask[0]=0x7ffbfeff, sa_flags=0x10000004
SIGUSR1: SIG_DFL, sa_mask[0]=0x00000000, sa_flags=0x00000000
SIGUSR2: [libjvm.so+0x3b6b20], sa_mask[0]=0x00000000, sa_flags=0x10000004
SIGHUP: [libjvm.so+0x3b6f10], sa_mask[0]=0x7ffbfeff, sa_flags=0x10000004
SIGINT: [libjvm.so+0x3b6f10], sa_mask[0]=0x7ffbfeff, sa_flags=0x10000004
SIGTERM: [libjvm.so+0x3b6f10], sa_mask[0]=0x7ffbfeff, sa_flags=0x10000004
SIGQUIT: [libjvm.so+0x3b6f10], sa_mask[0]=0x7ffbfeff, sa_flags=0x10000004


---------------  S Y S T E M  ---------------

OS:Ubuntu 13.04 (raring)
uname:Linux 3.8.0-31-generic #46-Ubuntu SMP Tue Sep 10 19:56:49 UTC 2013 i686
libc:glibc 2.17 NPTL 2.17 
rlimit: STACK 8192k, CORE 0k, NPROC 15332, NOFILE 4096, AS infinity
load average:0.32 0.37 0.32

/proc/meminfo:
MemTotal:        1993248 kB
MemFree:          134216 kB
Buffers:          104936 kB
Cached:           591412 kB
SwapCached:        22080 kB
Active:           861552 kB
Inactive:         865112 kB
Active(anon):     610952 kB
Inactive(anon):   614628 kB
Active(file):     250600 kB
Inactive(file):   250484 kB
Unevictable:          96 kB
Mlocked:              96 kB
HighTotal:       1111256 kB
HighFree:          28116 kB
LowTotal:         881992 kB
LowFree:          106100 kB
SwapTotal:       2022396 kB
SwapFree:        1822812 kB
Dirty:               412 kB
Writeback:             0 kB
AnonPages:       1012284 kB
Mapped:           159108 kB
Shmem:            195172 kB
Slab:              98460 kB
SReclaimable:      73404 kB
SUnreclaim:        25056 kB
KernelStack:        3784 kB
PageTables:        14376 kB
NFS_Unstable:          0 kB
Bounce:                0 kB
WritebackTmp:          0 kB
CommitLimit:     3019020 kB
Committed_AS:    4579904 kB
VmallocTotal:     122880 kB
VmallocUsed:       14952 kB
VmallocChunk:     104792 kB
HardwareCorrupted:     0 kB
AnonHugePages:         0 kB
HugePages_Total:       0
HugePages_Free:        0
HugePages_Rsvd:        0
HugePages_Surp:        0
Hugepagesize:       2048 kB
DirectMap4k:       10232 kB
DirectMap2M:      903168 kB


CPU:total 2 (2 cores per cpu, 1 threads per core) family 6 model 23 stepping 10, cmov, cx8, fxsr, mmx, sse, sse2, sse3, ssse3, tsc

/proc/cpuinfo:
processor	: 0
vendor_id	: GenuineIntel
cpu family	: 6
model		: 23
model name	: Genuine Intel(R) CPU           U4100  @ 1.30GHz
stepping	: 10
microcode	: 0xa07
cpu MHz		: 1733.000
cache size	: 2048 KB
physical id	: 0
siblings	: 2
core id		: 0
cpu cores	: 2
apicid		: 0
initial apicid	: 0
fdiv_bug	: no
hlt_bug		: no
f00f_bug	: no
coma_bug	: no
fpu		: yes
fpu_exception	: yes
cpuid level	: 13
wp		: yes
flags		: fpu vme de pse tsc msr pae mce cx8 apic sep mtrr pge mca cmov pat pse36 clflush dts acpi mmx fxsr sse sse2 ss ht tm pbe nx lm constant_tsc arch_perfmon pebs bts aperfmperf pni dtes64 monitor ds_cpl est tm2 ssse3 cx16 xtpr pdcm xsave lahf_lm dtherm
bogomips	: 3458.20
clflush size	: 64
cache_alignment	: 64
address sizes	: 36 bits physical, 48 bits virtual
power management:

processor	: 1
vendor_id	: GenuineIntel
cpu family	: 6
model		: 23
model name	: Genuine Intel(R) CPU           U4100  @ 1.30GHz
stepping	: 10
microcode	: 0xa07
cpu MHz		: 1600.000
cache size	: 2048 KB
physical id	: 0
siblings	: 2
core id		: 1
cpu cores	: 2
apicid		: 1
initial apicid	: 1
fdiv_bug	: no
hlt_bug		: no
f00f_bug	: no
coma_bug	: no
fpu		: yes
fpu_exception	: yes
cpuid level	: 13
wp		: yes
flags		: fpu vme de pse tsc msr pae mce cx8 apic sep mtrr pge mca cmov pat pse36 clflush dts acpi mmx fxsr sse sse2 ss ht tm pbe nx lm constant_tsc arch_perfmon pebs bts aperfmperf pni dtes64 monitor ds_cpl est tm2 ssse3 cx16 xtpr pdcm xsave lahf_lm dtherm
bogomips	: 3458.20
clflush size	: 64
cache_alignment	: 64
address sizes	: 36 bits physical, 48 bits virtual
power management:



Memory: 4k page, physical 1993248k(134216k free), swap 2022396k(1822812k free)

vm_info: OpenJDK Client VM (24.45-b08) for linux-x86 JRE (1.7.0_51-b00), built on Jan 16 2014 18:22:18 by "buildd" with gcc 4.7.3

time: Sun Feb 23 12:10:04 2014
elapsed time: 336 seconds

